#
# There is insufficient memory for the Java Runtime Environment to continue.
# Native memory allocation (malloc) failed to allocate 1060896 bytes. Error detail: Chunk::new
# Possible reasons:
#   The system is out of physical RAM or swap space
#   This process is running with CompressedOops enabled, and the Java Heap may be blocking the growth of the native heap
# Possible solutions:
#   Reduce memory load on the system
#   Increase physical memory or swap space
#   Check if swap backing store is full
#   Decrease Java heap size (-Xmx/-Xms)
#   Decrease number of Java threads
#   Decrease Java thread stack sizes (-Xss)
#   Set larger code cache with -XX:ReservedCodeCacheSize=
#   JVM is running with Unscaled Compressed Oops mode in which the Java heap is
#     placed in the first 4GB address space. The Java Heap base address is the
#     maximum limit for the native heap growth. Please use -XX:HeapBaseMinAddress
#     to set the Java Heap base and to place the Java Heap above 4GB virtual address.
# This output file may be truncated or incomplete.
#
#  Out of Memory Error (arena.cpp:168), pid=12432, tid=17700
#
# JRE version: OpenJDK Runtime Environment Temurin-21.0.7+6 (21.0.7+6) (build 21.0.7+6-LTS)
# Java VM: OpenJDK 64-Bit Server VM Temurin-21.0.7+6 (21.0.7+6-LTS, mixed mode, sharing, tiered, compressed oops, compressed class ptrs, parallel gc, windows-amd64)
# No core dump will be written. Minidumps are not enabled by default on client versions of Windows
#

---------------  S U M M A R Y ------------

Command Line: --add-modules=ALL-SYSTEM --add-opens=java.base/java.util=ALL-UNNAMED --add-opens=java.base/java.lang=ALL-UNNAMED --add-opens=java.base/sun.nio.fs=ALL-UNNAMED -Declipse.application=org.eclipse.jdt.ls.core.id1 -Dosgi.bundles.defaultStartLevel=4 -Declipse.product=org.eclipse.jdt.ls.core.product -Djava.import.generatesMetadataFilesAtProjectRoot=false -DDetectVMInstallationsJob.disabled=true -Dfile.encoding=utf8 -XX:+UseParallelGC -XX:GCTimeRatio=4 -XX:AdaptiveSizePolicyWeight=90 -Dsun.zip.disableMemoryMapping=true -Xmx1G -Xms100m -Xlog:disable -javaagent:c:\Users\USER\.vscode\extensions\redhat.java-1.42.0-win32-x64\lombok\lombok-1.18.36.jar -XX:+HeapDumpOnOutOfMemoryError -XX:HeapDumpPath=c:\Users\USER\AppData\Roaming\Code\User\workspaceStorage\0ebb995f52467a76852492d79a1fc689\redhat.java -Daether.dependencyCollector.impl=bf c:\Users\USER\.vscode\extensions\redhat.java-1.42.0-win32-x64\server\plugins\org.eclipse.equinox.launcher_1.7.0.v20250424-1814.jar -configuration c:\Users\USER\AppData\Roaming\Code\User\globalStorage\redhat.java\1.42.0\config_win -data c:\Users\USER\AppData\Roaming\Code\User\workspaceStorage\0ebb995f52467a76852492d79a1fc689\redhat.java\jdt_ws --pipe=\\.\pipe\lsp-9ba68a9a572f2d384c5f28768294138e-sock

Host: Intel(R) Core(TM) i5-8365U CPU @ 1.60GHz, 8 cores, 7G,  Windows 11 , 64 bit Build 22621 (10.0.22621.5262)
Time: Tue May 27 20:13:42 2025 South Africa Standard Time elapsed time: 19.366727 seconds (0d 0h 0m 19s)

---------------  T H R E A D  ---------------

Current thread (0x000002a6b4b2d800):  JavaThread "C2 CompilerThread0" daemon [_thread_in_native, id=17700, stack(0x000000bdac600000,0x000000bdac700000) (1024K)]


Current CompileTask:
C2:19366 10641   !   4       org.eclipse.jdt.internal.core.search.indexing.BinaryIndexer::indexDocument (1168 bytes)

Stack: [0x000000bdac600000,0x000000bdac700000]
Native frames: (J=compiled Java code, j=interpreted, Vv=VM code, C=native code)
V  [jvm.dll+0x6ce119]
V  [jvm.dll+0x8a84a1]
V  [jvm.dll+0x8aa9ce]
V  [jvm.dll+0x8ab0b3]
V  [jvm.dll+0x27f8a6]
V  [jvm.dll+0xc507d]
V  [jvm.dll+0xc55b3]
V  [jvm.dll+0x2f2c6d]
V  [jvm.dll+0x5f6bca]
V  [jvm.dll+0x250cb2]
V  [jvm.dll+0x25106f]
V  [jvm.dll+0x249934]
V  [jvm.dll+0x246fc4]
V  [jvm.dll+0x1c760e]
V  [jvm.dll+0x25695a]
V  [jvm.dll+0x254efa]
V  [jvm.dll+0x3f03f6]
V  [jvm.dll+0x851f6b]
V  [jvm.dll+0x6cc7dd]
C  [ucrtbase.dll+0x29333]
C  [KERNEL32.DLL+0x1259d]
C  [ntdll.dll+0x5af58]


---------------  P R O C E S S  ---------------

Threads class SMR info:
_java_thread_list=0x000002a713459630, length=59, elements={
0x000002a6b2710150, 0x000002a6b4b263d0, 0x000002a6c8e6c050, 0x000002a6b4b284d0,
0x000002a6b4b29120, 0x000002a6b4b29d70, 0x000002a6b4b2a9c0, 0x000002a6b4b2d800,
0x000002a6b4b3b4f0, 0x000002a6b4b11e20, 0x000002a70bbd68b0, 0x000002a710794a10,
0x000002a710888710, 0x000002a710311d40, 0x000002a7103123a0, 0x000002a7109e5600,
0x000002a711076390, 0x000002a711070d90, 0x000002a711070070, 0x000002a71106dfa0,
0x000002a71106f350, 0x000002a71106ecc0, 0x000002a711070700, 0x000002a71106e630,
0x000002a711071420, 0x000002a71106f9e0, 0x000002a712ab9f30, 0x000002a712ab7e60,
0x000002a712ab9210, 0x000002a712abb970, 0x000002a712aba5c0, 0x000002a712ab6420,
0x000002a712abcd20, 0x000002a712ab84f0, 0x000002a712abc690, 0x000002a712abac50,
0x000002a712abc000, 0x000002a712abb2e0, 0x000002a712abd3b0, 0x000002a712ab8b80,
0x000002a712abda40, 0x000002a712ab7140, 0x000002a712ab98a0, 0x000002a712ab6ab0,
0x000002a712ff95b0, 0x000002a712ffeb00, 0x000002a712ffdde0, 0x000002a712ffe470,
0x000002a712ff9c40, 0x000002a712fffeb0, 0x000002a712fff190, 0x000002a712ffa2d0,
0x000002a712ffca30, 0x000002a712fff820, 0x000002a712ffd750, 0x000002a712ff8f20,
0x000002a713000540, 0x000002a712ffaff0, 0x000002a712ffb680
}

Java Threads: ( => current thread )
  0x000002a6b2710150 JavaThread "main"                              [_thread_blocked, id=13184, stack(0x000000bdabc00000,0x000000bdabd00000) (1024K)]
  0x000002a6b4b263d0 JavaThread "Reference Handler"          daemon [_thread_blocked, id=10688, stack(0x000000bdac000000,0x000000bdac100000) (1024K)]
  0x000002a6c8e6c050 JavaThread "Finalizer"                  daemon [_thread_blocked, id=9308, stack(0x000000bdac100000,0x000000bdac200000) (1024K)]
  0x000002a6b4b284d0 JavaThread "Signal Dispatcher"          daemon [_thread_blocked, id=12928, stack(0x000000bdac200000,0x000000bdac300000) (1024K)]
  0x000002a6b4b29120 JavaThread "Attach Listener"            daemon [_thread_blocked, id=18112, stack(0x000000bdac300000,0x000000bdac400000) (1024K)]
  0x000002a6b4b29d70 JavaThread "Service Thread"             daemon [_thread_blocked, id=18108, stack(0x000000bdac400000,0x000000bdac500000) (1024K)]
  0x000002a6b4b2a9c0 JavaThread "Monitor Deflation Thread"   daemon [_thread_blocked, id=14768, stack(0x000000bdac500000,0x000000bdac600000) (1024K)]
=>0x000002a6b4b2d800 JavaThread "C2 CompilerThread0"         daemon [_thread_in_native, id=17700, stack(0x000000bdac600000,0x000000bdac700000) (1024K)]
  0x000002a6b4b3b4f0 JavaThread "C1 CompilerThread0"         daemon [_thread_blocked, id=18100, stack(0x000000bdac700000,0x000000bdac800000) (1024K)]
  0x000002a6b4b11e20 JavaThread "Common-Cleaner"             daemon [_thread_blocked, id=18160, stack(0x000000bdac800000,0x000000bdac900000) (1024K)]
  0x000002a70bbd68b0 JavaThread "Notification Thread"        daemon [_thread_blocked, id=15944, stack(0x000000bdaca00000,0x000000bdacb00000) (1024K)]
  0x000002a710794a10 JavaThread "Active Thread: Equinox Container: 5708324a-5cb2-4bed-ac09-083f1aa75fb4"        [_thread_blocked, id=2036, stack(0x000000bdad100000,0x000000bdad200000) (1024K)]
  0x000002a710888710 JavaThread "Refresh Thread: Equinox Container: 5708324a-5cb2-4bed-ac09-083f1aa75fb4" daemon [_thread_blocked, id=6624, stack(0x000000bdad200000,0x000000bdad300000) (1024K)]
  0x000002a710311d40 JavaThread "Framework Event Dispatcher: Equinox Container: 5708324a-5cb2-4bed-ac09-083f1aa75fb4" daemon [_thread_blocked, id=17664, stack(0x000000bdad400000,0x000000bdad500000) (1024K)]
  0x000002a7103123a0 JavaThread "Start Level: Equinox Container: 5708324a-5cb2-4bed-ac09-083f1aa75fb4" daemon [_thread_blocked, id=11712, stack(0x000000bdad500000,0x000000bdad600000) (1024K)]
  0x000002a7109e5600 JavaThread "Bundle File Closer"         daemon [_thread_blocked, id=7252, stack(0x000000bdad600000,0x000000bdad700000) (1024K)]
  0x000002a711076390 JavaThread "SCR Component Actor"        daemon [_thread_blocked, id=11708, stack(0x000000bdac900000,0x000000bdaca00000) (1024K)]
  0x000002a711070d90 JavaThread "Worker-JM"                         [_thread_blocked, id=10076, stack(0x000000bdad800000,0x000000bdad900000) (1024K)]
  0x000002a711070070 JavaThread "JNA Cleaner"                daemon [_thread_blocked, id=15752, stack(0x000000bdad900000,0x000000bdada00000) (1024K)]
  0x000002a71106dfa0 JavaThread "Worker-0"                          [_thread_blocked, id=12524, stack(0x000000bdada00000,0x000000bdadb00000) (1024K)]
  0x000002a71106f350 JavaThread "Worker-1: Java indexing... "        [_thread_blocked, id=5708, stack(0x000000bdadb00000,0x000000bdadc00000) (1024K)]
  0x000002a71106ecc0 JavaThread "Java indexing"              daemon [_thread_in_Java, id=6752, stack(0x000000bdadc00000,0x000000bdadd00000) (1024K)]
  0x000002a711070700 JavaThread "Worker-2"                          [_thread_blocked, id=1396, stack(0x000000bdadd00000,0x000000bdade00000) (1024K)]
  0x000002a71106e630 JavaThread "Worker-3"                          [_thread_blocked, id=8620, stack(0x000000bdae000000,0x000000bdae100000) (1024K)]
  0x000002a711071420 JavaThread "Worker-4"                          [_thread_blocked, id=7488, stack(0x000000bdae100000,0x000000bdae200000) (1024K)]
  0x000002a71106f9e0 JavaThread "Thread-2"                   daemon [_thread_in_native, id=160, stack(0x000000bdae200000,0x000000bdae300000) (1024K)]
  0x000002a712ab9f30 JavaThread "Thread-3"                   daemon [_thread_in_native, id=16816, stack(0x000000bdae300000,0x000000bdae400000) (1024K)]
  0x000002a712ab7e60 JavaThread "Thread-4"                   daemon [_thread_in_native, id=6344, stack(0x000000bdae400000,0x000000bdae500000) (1024K)]
  0x000002a712ab9210 JavaThread "Thread-5"                   daemon [_thread_in_native, id=5588, stack(0x000000bdae500000,0x000000bdae600000) (1024K)]
  0x000002a712abb970 JavaThread "Thread-6"                   daemon [_thread_in_native, id=2000, stack(0x000000bdae600000,0x000000bdae700000) (1024K)]
  0x000002a712aba5c0 JavaThread "Thread-7"                   daemon [_thread_in_native, id=6248, stack(0x000000bdae700000,0x000000bdae800000) (1024K)]
  0x000002a712ab6420 JavaThread "Thread-8"                   daemon [_thread_in_native, id=3804, stack(0x000000bdae800000,0x000000bdae900000) (1024K)]
  0x000002a712abcd20 JavaThread "Thread-9"                   daemon [_thread_in_native, id=17740, stack(0x000000bdae900000,0x000000bdaea00000) (1024K)]
  0x000002a712ab84f0 JavaThread "Thread-10"                  daemon [_thread_in_native, id=17956, stack(0x000000bdaea00000,0x000000bdaeb00000) (1024K)]
  0x000002a712abc690 JavaThread "pool-2-thread-1"                   [_thread_blocked, id=11072, stack(0x000000bdaeb00000,0x000000bdaec00000) (1024K)]
  0x000002a712abac50 JavaThread "WorkspaceEventsHandler"            [_thread_blocked, id=6916, stack(0x000000bdaec00000,0x000000bdaed00000) (1024K)]
  0x000002a712abc000 JavaThread "pool-1-thread-1"                   [_thread_blocked, id=5112, stack(0x000000bdaed00000,0x000000bdaee00000) (1024K)]
  0x000002a712abb2e0 JavaThread "Worker-5: Building"                [_thread_in_native, id=7728, stack(0x000000bdaee00000,0x000000bdaef00000) (1024K)]
  0x000002a712abd3b0 JavaThread "LocalFile Deleter"          daemon [_thread_blocked, id=13540, stack(0x000000bdad700000,0x000000bdad800000) (1024K)]
  0x000002a712ab8b80 JavaThread "LocalFile Deleter"          daemon [_thread_blocked, id=17452, stack(0x000000bdaef00000,0x000000bdaf000000) (1024K)]
  0x000002a712abda40 JavaThread "LocalFile Deleter"          daemon [_thread_blocked, id=2664, stack(0x000000bdaf000000,0x000000bdaf100000) (1024K)]
  0x000002a712ab7140 JavaThread "LocalFile Deleter"          daemon [_thread_blocked, id=13604, stack(0x000000bdaf100000,0x000000bdaf200000) (1024K)]
  0x000002a712ab98a0 JavaThread "LocalFile Deleter"          daemon [_thread_blocked, id=14240, stack(0x000000bdaf200000,0x000000bdaf300000) (1024K)]
  0x000002a712ab6ab0 JavaThread "LocalFile Deleter"          daemon [_thread_blocked, id=4540, stack(0x000000bdaf300000,0x000000bdaf400000) (1024K)]
  0x000002a712ff95b0 JavaThread "LocalFile Deleter"          daemon [_thread_blocked, id=13648, stack(0x000000bdaf400000,0x000000bdaf500000) (1024K)]
  0x000002a712ffeb00 JavaThread "LocalFile Deleter"          daemon [_thread_blocked, id=1944, stack(0x000000bdaf500000,0x000000bdaf600000) (1024K)]
  0x000002a712ffdde0 JavaThread "Compiler Source File Reader" daemon [_thread_blocked, id=796, stack(0x000000bdaf600000,0x000000bdaf700000) (1024K)]
  0x000002a712ffe470 JavaThread "Compiler Source File Reader" daemon [_thread_blocked, id=14236, stack(0x000000bdaf700000,0x000000bdaf800000) (1024K)]
  0x000002a712ff9c40 JavaThread "Compiler Source File Reader" daemon [_thread_blocked, id=2748, stack(0x000000bdaf800000,0x000000bdaf900000) (1024K)]
  0x000002a712fffeb0 JavaThread "Compiler Source File Reader" daemon [_thread_blocked, id=3844, stack(0x000000bdaf900000,0x000000bdafa00000) (1024K)]
  0x000002a712fff190 JavaThread "Compiler Source File Reader" daemon [_thread_blocked, id=904, stack(0x000000bdafa00000,0x000000bdafb00000) (1024K)]
  0x000002a712ffa2d0 JavaThread "Compiler Source File Reader" daemon [_thread_blocked, id=16896, stack(0x000000bdafb00000,0x000000bdafc00000) (1024K)]
  0x000002a712ffca30 JavaThread "Compiler Processing Task"   daemon [_thread_blocked, id=10116, stack(0x000000bdafc00000,0x000000bdafd00000) (1024K)]
  0x000002a712fff820 JavaThread "Compiler Class File Writer" daemon [_thread_blocked, id=16596, stack(0x000000bdafd00000,0x000000bdafe00000) (1024K)]
  0x000002a712ffd750 JavaThread "Compiler Class File Writer" daemon [_thread_blocked, id=13208, stack(0x000000bdafe00000,0x000000bdaff00000) (1024K)]
  0x000002a712ff8f20 JavaThread "Compiler Class File Writer" daemon [_thread_blocked, id=17176, stack(0x000000bdaff00000,0x000000bdb0000000) (1024K)]
  0x000002a713000540 JavaThread "Compiler Class File Writer" daemon [_thread_blocked, id=8284, stack(0x000000bdb0000000,0x000000bdb0100000) (1024K)]
  0x000002a712ffaff0 JavaThread "Compiler Class File Writer" daemon [_thread_blocked, id=16860, stack(0x000000bdb0100000,0x000000bdb0200000) (1024K)]
  0x000002a712ffb680 JavaThread "Compiler Class File Writer" daemon [_thread_blocked, id=13416, stack(0x000000bdb0200000,0x000000bdb0300000) (1024K)]
Total: 59

Other Threads:
  0x000002a6c8e54ee0 VMThread "VM Thread"                           [id=10568, stack(0x000000bdabf00000,0x000000bdac000000) (1024K)]
  0x000002a6c8d4ca00 WatcherThread "VM Periodic Task Thread"        [id=2988, stack(0x000000bdabe00000,0x000000bdabf00000) (1024K)]
  0x000002a6b4ac27b0 WorkerThread "GC Thread#0"                     [id=13524, stack(0x000000bdabd00000,0x000000bdabe00000) (1024K)]
  0x000002a7104f4cd0 WorkerThread "GC Thread#1"                     [id=2016, stack(0x000000bdacb00000,0x000000bdacc00000) (1024K)]
  0x000002a7104f5070 WorkerThread "GC Thread#2"                     [id=7832, stack(0x000000bdacc00000,0x000000bdacd00000) (1024K)]
  0x000002a7105a8300 WorkerThread "GC Thread#3"                     [id=16112, stack(0x000000bdacd00000,0x000000bdace00000) (1024K)]
  0x000002a7105a86a0 WorkerThread "GC Thread#4"                     [id=17816, stack(0x000000bdace00000,0x000000bdacf00000) (1024K)]
  0x000002a7105a8a40 WorkerThread "GC Thread#5"                     [id=1224, stack(0x000000bdacf00000,0x000000bdad000000) (1024K)]
  0x000002a71080a0b0 WorkerThread "GC Thread#6"                     [id=17672, stack(0x000000bdad000000,0x000000bdad100000) (1024K)]
  0x000002a710779a00 WorkerThread "GC Thread#7"                     [id=14108, stack(0x000000bdad300000,0x000000bdad400000) (1024K)]
Total: 10

Threads with active compile tasks:
C2 CompilerThread0  19458 10641   !   4       org.eclipse.jdt.internal.core.search.indexing.BinaryIndexer::indexDocument (1168 bytes)
Total: 1

VM state: not at safepoint (normal execution)

VM Mutex/Monitor currently owned by a thread: None

Heap address: 0x00000000c0000000, size: 1024 MB, Compressed Oops mode: 32-bit

CDS archive(s) mapped at: [0x000002a6c9000000-0x000002a6c9ba0000-0x000002a6c9ba0000), size 12189696, SharedBaseAddress: 0x000002a6c9000000, ArchiveRelocationMode: 1.
Compressed class space mapped at: 0x000002a6ca000000-0x000002a70a000000, reserved size: 1073741824
Narrow klass base: 0x000002a6c9000000, Narrow klass shift: 0, Narrow klass range: 0x100000000

GC Precious Log:
 CardTable entry size: 512
 CPUs: 8 total, 8 available
 Memory: 7998M
 Large Page Support: Disabled
 NUMA Support: Disabled
 Compressed Oops: Enabled (32-bit)
 Alignments: Space 512K, Generation 512K, Heap 2M
 Heap Min Capacity: 100M
 Heap Initial Capacity: 100M
 Heap Max Capacity: 1G
 Pre-touch: Disabled
 Parallel Workers: 8

Heap:
 PSYoungGen      total 5120K, used 3970K [0x00000000eab00000, 0x00000000eb100000, 0x0000000100000000)
  eden space 4096K, 82% used [0x00000000eab00000,0x00000000eae50be0,0x00000000eaf00000)
  from space 1024K, 56% used [0x00000000eb000000,0x00000000eb090010,0x00000000eb100000)
  to   space 1024K, 0% used [0x00000000eaf00000,0x00000000eaf00000,0x00000000eb000000)
 ParOldGen       total 164864K, used 164858K [0x00000000c0000000, 0x00000000ca100000, 0x00000000eab00000)
  object space 164864K, 99% used [0x00000000c0000000,0x00000000ca0fe968,0x00000000ca100000)
 Metaspace       used 58174K, committed 59648K, reserved 1114112K
  class space    used 5992K, committed 6656K, reserved 1048576K

Card table byte_map: [0x000002a6b4420000,0x000002a6b4630000] _byte_map_base: 0x000002a6b3e20000

Marking Bits: (ParMarkBitMap*) 0x00007ff953e931f0
 Begin Bits: [0x000002a6c6c70000, 0x000002a6c7c70000)
 End Bits:   [0x000002a6c7c70000, 0x000002a6c8c70000)

Polling page: 0x000002a6b40e0000

Metaspace:

Usage:
  Non-class:     50.96 MB used.
      Class:      5.85 MB used.
       Both:     56.81 MB used.

Virtual space:
  Non-class space:       64.00 MB reserved,      51.75 MB ( 81%) committed,  1 nodes.
      Class space:        1.00 GB reserved,       6.50 MB ( <1%) committed,  1 nodes.
             Both:        1.06 GB reserved,      58.25 MB (  5%) committed. 

Chunk freelists:
   Non-Class:  11.35 MB
       Class:  9.53 MB
        Both:  20.88 MB

MaxMetaspaceSize: unlimited
CompressedClassSpaceSize: 1.00 GB
Initial GC threshold: 21.00 MB
Current GC threshold: 94.38 MB
CDS: on
 - commit_granule_bytes: 65536.
 - commit_granule_words: 8192.
 - virtual_space_node_default_size: 8388608.
 - enlarge_chunks_in_place: 1.
 - use_allocation_guard: 0.


Internal statistics:

num_allocs_failed_limit: 8.
num_arena_births: 1222.
num_arena_deaths: 14.
num_vsnodes_births: 2.
num_vsnodes_deaths: 0.
num_space_committed: 932.
num_space_uncommitted: 0.
num_chunks_returned_to_freelist: 22.
num_chunks_taken_from_freelist: 3991.
num_chunk_merges: 14.
num_chunk_splits: 2430.
num_chunks_enlarged: 1340.
num_inconsistent_stats: 0.

CodeHeap 'non-profiled nmethods': size=120000Kb used=3472Kb max_used=3472Kb free=116527Kb
 bounds [0x000002a6bf740000, 0x000002a6bfab0000, 0x000002a6c6c70000]
CodeHeap 'profiled nmethods': size=120000Kb used=20779Kb max_used=20779Kb free=99220Kb
 bounds [0x000002a6b7c70000, 0x000002a6b90c0000, 0x000002a6bf1a0000]
CodeHeap 'non-nmethods': size=5760Kb used=1419Kb max_used=1480Kb free=4340Kb
 bounds [0x000002a6bf1a0000, 0x000002a6bf410000, 0x000002a6bf740000]
 total_blobs=10776 nmethods=10048 adapters=634
 compilation: enabled
              stopped_count=0, restarted_count=0
 full_count=0

Compilation events (20 events):
Event: 19.305 Thread 0x000002a6b4b3b4f0 10778       1       java.lang.invoke.MethodHandleImpl$CountingWrapper::getTarget (5 bytes)
Event: 19.305 Thread 0x000002a6b4b3b4f0 nmethod 10778 0x000002a6bfaa2010 code [0x000002a6bfaa21a0, 0x000002a6bfaa2268]
Event: 19.309 Thread 0x000002a6b4b3b4f0 10779   !   2       org.eclipse.sisu.inject.Implementations$ClassFinder::peekBehind (25 bytes)
Event: 19.309 Thread 0x000002a6b4b3b4f0 nmethod 10779 0x000002a6b9096e90 code [0x000002a6b9097060, 0x000002a6b90972c8]
Event: 19.324 Thread 0x000002a6b4b3b4f0 10781       2       java.io.BufferedReader::<init> (62 bytes)
Event: 19.324 Thread 0x000002a6b4b3b4f0 nmethod 10781 0x000002a6b9097410 code [0x000002a6b90975e0, 0x000002a6b90978e0]
Event: 19.325 Thread 0x000002a6b4b3b4f0 10782   !   3       org.apache.maven.model.Contributor::clone (126 bytes)
Event: 19.327 Thread 0x000002a6b4b3b4f0 nmethod 10782 0x000002a6b9097a10 code [0x000002a6b9097d20, 0x000002a6b9098ef0]
Event: 19.327 Thread 0x000002a6b4b3b4f0 10783       2       org.apache.maven.model.DeploymentRepository::<init> (10 bytes)
Event: 19.328 Thread 0x000002a6b4b3b4f0 nmethod 10783 0x000002a6b9099610 code [0x000002a6b90997a0, 0x000002a6b90998d0]
Event: 19.329 Thread 0x000002a6b4b3b4f0 10784       2       org.apache.maven.model.interpolation.StringVisitorModelInterpolator$ModelVisitor::visit (540 bytes)
Event: 19.343 Thread 0x000002a6b4b3b4f0 nmethod 10784 0x000002a6b9099990 code [0x000002a6b9099e00, 0x000002a6b909b3e0]
Event: 19.355 Thread 0x000002a6b4b3b4f0 10785   !   3       org.eclipse.sisu.inject.BeanCache::create (181 bytes)
Event: 19.356 Thread 0x000002a6b4b3b4f0 nmethod 10785 0x000002a6b909c610 code [0x000002a6b909c880, 0x000002a6b909d650]
Event: 19.356 Thread 0x000002a6b4b3b4f0 10786   !   2       org.eclipse.aether.util.version.GenericVersion$Tokenizer::toItem (285 bytes)
Event: 19.358 Thread 0x000002a6b4b3b4f0 nmethod 10786 0x000002a6b909db10 code [0x000002a6b909ddc0, 0x000002a6b909e998]
Event: 19.358 Thread 0x000002a6b4b3b4f0 10788       2       org.apache.maven.model.profile.DefaultProfileActivationContext::setActiveProfileIds (24 bytes)
Event: 19.359 Thread 0x000002a6b4b3b4f0 nmethod 10788 0x000002a6b909f010 code [0x000002a6b909f1c0, 0x000002a6b909f340]
Event: 19.359 Thread 0x000002a6b4b3b4f0 10787       2       org.apache.maven.model.profile.DefaultProfileActivationContext::<init> (40 bytes)
Event: 19.359 Thread 0x000002a6b4b3b4f0 nmethod 10787 0x000002a6b909f410 code [0x000002a6b909f5c0, 0x000002a6b909f760]

GC Heap History (20 events):
Event: 19.090 GC heap before
{Heap before GC invocations=112 (full 3):
 PSYoungGen      total 6656K, used 6640K [0x00000000eab00000, 0x00000000eb500000, 0x0000000100000000)
  eden space 4608K, 100% used [0x00000000eab00000,0x00000000eaf80000,0x00000000eaf80000)
  from space 2048K, 99% used [0x00000000eb200000,0x00000000eb3fc3f8,0x00000000eb400000)
  to   space 2560K, 0% used [0x00000000eaf80000,0x00000000eaf80000,0x00000000eb200000)
 ParOldGen       total 158208K, used 154158K [0x00000000c0000000, 0x00000000c9a80000, 0x00000000eab00000)
  object space 158208K, 97% used [0x00000000c0000000,0x00000000c968bbf0,0x00000000c9a80000)
 Metaspace       used 57715K, committed 59200K, reserved 1114112K
  class space    used 5929K, committed 6592K, reserved 1048576K
}
Event: 19.095 GC heap after
{Heap after GC invocations=112 (full 3):
 PSYoungGen      total 6144K, used 1157K [0x00000000eab00000, 0x00000000eb280000, 0x0000000100000000)
  eden space 4608K, 0% used [0x00000000eab00000,0x00000000eab00000,0x00000000eaf80000)
  from space 1536K, 75% used [0x00000000eaf80000,0x00000000eb0a1780,0x00000000eb100000)
  to   space 1536K, 0% used [0x00000000eb100000,0x00000000eb100000,0x00000000eb280000)
 ParOldGen       total 158208K, used 156109K [0x00000000c0000000, 0x00000000c9a80000, 0x00000000eab00000)
  object space 158208K, 98% used [0x00000000c0000000,0x00000000c9873638,0x00000000c9a80000)
 Metaspace       used 57715K, committed 59200K, reserved 1114112K
  class space    used 5929K, committed 6592K, reserved 1048576K
}
Event: 19.123 GC heap before
{Heap before GC invocations=113 (full 3):
 PSYoungGen      total 6144K, used 5765K [0x00000000eab00000, 0x00000000eb280000, 0x0000000100000000)
  eden space 4608K, 100% used [0x00000000eab00000,0x00000000eaf80000,0x00000000eaf80000)
  from space 1536K, 75% used [0x00000000eaf80000,0x00000000eb0a1780,0x00000000eb100000)
  to   space 1536K, 0% used [0x00000000eb100000,0x00000000eb100000,0x00000000eb280000)
 ParOldGen       total 158208K, used 156109K [0x00000000c0000000, 0x00000000c9a80000, 0x00000000eab00000)
  object space 158208K, 98% used [0x00000000c0000000,0x00000000c98736e8,0x00000000c9a80000)
 Metaspace       used 57754K, committed 59200K, reserved 1114112K
  class space    used 5940K, committed 6592K, reserved 1048576K
}
Event: 19.125 GC heap after
{Heap after GC invocations=113 (full 3):
 PSYoungGen      total 5120K, used 1504K [0x00000000eab00000, 0x00000000eb480000, 0x0000000100000000)
  eden space 3584K, 0% used [0x00000000eab00000,0x00000000eab00000,0x00000000eae80000)
  from space 1536K, 97% used [0x00000000eb100000,0x00000000eb2780b0,0x00000000eb280000)
  to   space 2560K, 0% used [0x00000000eae80000,0x00000000eae80000,0x00000000eb100000)
 ParOldGen       total 158208K, used 156826K [0x00000000c0000000, 0x00000000c9a80000, 0x00000000eab00000)
  object space 158208K, 99% used [0x00000000c0000000,0x00000000c99268e0,0x00000000c9a80000)
 Metaspace       used 57754K, committed 59200K, reserved 1114112K
  class space    used 5940K, committed 6592K, reserved 1048576K
}
Event: 19.153 GC heap before
{Heap before GC invocations=114 (full 3):
 PSYoungGen      total 5120K, used 5088K [0x00000000eab00000, 0x00000000eb480000, 0x0000000100000000)
  eden space 3584K, 100% used [0x00000000eab00000,0x00000000eae80000,0x00000000eae80000)
  from space 1536K, 97% used [0x00000000eb100000,0x00000000eb2780b0,0x00000000eb280000)
  to   space 2560K, 0% used [0x00000000eae80000,0x00000000eae80000,0x00000000eb100000)
 ParOldGen       total 158208K, used 156829K [0x00000000c0000000, 0x00000000c9a80000, 0x00000000eab00000)
  object space 158208K, 99% used [0x00000000c0000000,0x00000000c9927460,0x00000000c9a80000)
 Metaspace       used 57799K, committed 59264K, reserved 1114112K
  class space    used 5947K, committed 6592K, reserved 1048576K
}
Event: 19.156 GC heap after
{Heap after GC invocations=114 (full 3):
 PSYoungGen      total 5120K, used 1128K [0x00000000eab00000, 0x00000000eb180000, 0x0000000100000000)
  eden space 3584K, 0% used [0x00000000eab00000,0x00000000eab00000,0x00000000eae80000)
  from space 1536K, 73% used [0x00000000eae80000,0x00000000eaf9a098,0x00000000eb000000)
  to   space 1536K, 0% used [0x00000000eb000000,0x00000000eb000000,0x00000000eb180000)
 ParOldGen       total 158720K, used 158318K [0x00000000c0000000, 0x00000000c9b00000, 0x00000000eab00000)
  object space 158720K, 99% used [0x00000000c0000000,0x00000000c9a9b870,0x00000000c9b00000)
 Metaspace       used 57799K, committed 59264K, reserved 1114112K
  class space    used 5947K, committed 6592K, reserved 1048576K
}
Event: 19.177 GC heap before
{Heap before GC invocations=115 (full 3):
 PSYoungGen      total 5120K, used 4712K [0x00000000eab00000, 0x00000000eb180000, 0x0000000100000000)
  eden space 3584K, 100% used [0x00000000eab00000,0x00000000eae80000,0x00000000eae80000)
  from space 1536K, 73% used [0x00000000eae80000,0x00000000eaf9a098,0x00000000eb000000)
  to   space 1536K, 0% used [0x00000000eb000000,0x00000000eb000000,0x00000000eb180000)
 ParOldGen       total 158720K, used 158318K [0x00000000c0000000, 0x00000000c9b00000, 0x00000000eab00000)
  object space 158720K, 99% used [0x00000000c0000000,0x00000000c9a9b870,0x00000000c9b00000)
 Metaspace       used 57811K, committed 59264K, reserved 1114112K
  class space    used 5947K, committed 6592K, reserved 1048576K
}
Event: 19.180 GC heap after
{Heap after GC invocations=115 (full 3):
 PSYoungGen      total 4608K, used 1528K [0x00000000eab00000, 0x00000000eb280000, 0x0000000100000000)
  eden space 3072K, 0% used [0x00000000eab00000,0x00000000eab00000,0x00000000eae00000)
  from space 1536K, 99% used [0x00000000eb000000,0x00000000eb17e190,0x00000000eb180000)
  to   space 2048K, 0% used [0x00000000eae00000,0x00000000eae00000,0x00000000eb000000)
 ParOldGen       total 158720K, used 158638K [0x00000000c0000000, 0x00000000c9b00000, 0x00000000eab00000)
  object space 158720K, 99% used [0x00000000c0000000,0x00000000c9aebb88,0x00000000c9b00000)
 Metaspace       used 57811K, committed 59264K, reserved 1114112K
  class space    used 5947K, committed 6592K, reserved 1048576K
}
Event: 19.197 GC heap before
{Heap before GC invocations=116 (full 3):
 PSYoungGen      total 4608K, used 4600K [0x00000000eab00000, 0x00000000eb280000, 0x0000000100000000)
  eden space 3072K, 100% used [0x00000000eab00000,0x00000000eae00000,0x00000000eae00000)
  from space 1536K, 99% used [0x00000000eb000000,0x00000000eb17e190,0x00000000eb180000)
  to   space 2048K, 0% used [0x00000000eae00000,0x00000000eae00000,0x00000000eb000000)
 ParOldGen       total 158720K, used 158638K [0x00000000c0000000, 0x00000000c9b00000, 0x00000000eab00000)
  object space 158720K, 99% used [0x00000000c0000000,0x00000000c9aebb88,0x00000000c9b00000)
 Metaspace       used 57830K, committed 59264K, reserved 1114112K
  class space    used 5951K, committed 6592K, reserved 1048576K
}
Event: 19.199 GC heap after
{Heap after GC invocations=116 (full 3):
 PSYoungGen      total 4096K, used 722K [0x00000000eab00000, 0x00000000eb100000, 0x0000000100000000)
  eden space 3072K, 0% used [0x00000000eab00000,0x00000000eab00000,0x00000000eae00000)
  from space 1024K, 70% used [0x00000000eae00000,0x00000000eaeb4a10,0x00000000eaf00000)
  to   space 1536K, 0% used [0x00000000eaf80000,0x00000000eaf80000,0x00000000eb100000)
 ParOldGen       total 160256K, used 159993K [0x00000000c0000000, 0x00000000c9c80000, 0x00000000eab00000)
  object space 160256K, 99% used [0x00000000c0000000,0x00000000c9c3e638,0x00000000c9c80000)
 Metaspace       used 57830K, committed 59264K, reserved 1114112K
  class space    used 5951K, committed 6592K, reserved 1048576K
}
Event: 19.221 GC heap before
{Heap before GC invocations=117 (full 3):
 PSYoungGen      total 4096K, used 3794K [0x00000000eab00000, 0x00000000eb100000, 0x0000000100000000)
  eden space 3072K, 100% used [0x00000000eab00000,0x00000000eae00000,0x00000000eae00000)
  from space 1024K, 70% used [0x00000000eae00000,0x00000000eaeb4a10,0x00000000eaf00000)
  to   space 1536K, 0% used [0x00000000eaf80000,0x00000000eaf80000,0x00000000eb100000)
 ParOldGen       total 160256K, used 159993K [0x00000000c0000000, 0x00000000c9c80000, 0x00000000eab00000)
  object space 160256K, 99% used [0x00000000c0000000,0x00000000c9c3e638,0x00000000c9c80000)
 Metaspace       used 57845K, committed 59264K, reserved 1114112K
  class space    used 5954K, committed 6592K, reserved 1048576K
}
Event: 19.223 GC heap after
{Heap after GC invocations=117 (full 3):
 PSYoungGen      total 4096K, used 879K [0x00000000eab00000, 0x00000000eb080000, 0x0000000100000000)
  eden space 3072K, 0% used [0x00000000eab00000,0x00000000eab00000,0x00000000eae00000)
  from space 1024K, 85% used [0x00000000eaf80000,0x00000000eb05bed0,0x00000000eb080000)
  to   space 1024K, 0% used [0x00000000eae00000,0x00000000eae00000,0x00000000eaf00000)
 ParOldGen       total 160768K, used 160625K [0x00000000c0000000, 0x00000000c9d00000, 0x00000000eab00000)
  object space 160768K, 99% used [0x00000000c0000000,0x00000000c9cdc6a0,0x00000000c9d00000)
 Metaspace       used 57845K, committed 59264K, reserved 1114112K
  class space    used 5954K, committed 6592K, reserved 1048576K
}
Event: 19.241 GC heap before
{Heap before GC invocations=118 (full 3):
 PSYoungGen      total 4096K, used 3951K [0x00000000eab00000, 0x00000000eb080000, 0x0000000100000000)
  eden space 3072K, 100% used [0x00000000eab00000,0x00000000eae00000,0x00000000eae00000)
  from space 1024K, 85% used [0x00000000eaf80000,0x00000000eb05bed0,0x00000000eb080000)
  to   space 1024K, 0% used [0x00000000eae00000,0x00000000eae00000,0x00000000eaf00000)
 ParOldGen       total 160768K, used 160625K [0x00000000c0000000, 0x00000000c9d00000, 0x00000000eab00000)
  object space 160768K, 99% used [0x00000000c0000000,0x00000000c9cdc6a0,0x00000000c9d00000)
 Metaspace       used 57853K, committed 59264K, reserved 1114112K
  class space    used 5954K, committed 6592K, reserved 1048576K
}
Event: 19.244 GC heap after
{Heap after GC invocations=118 (full 3):
 PSYoungGen      total 4096K, used 735K [0x00000000eab00000, 0x00000000eb100000, 0x0000000100000000)
  eden space 3072K, 0% used [0x00000000eab00000,0x00000000eab00000,0x00000000eae00000)
  from space 1024K, 71% used [0x00000000eae00000,0x00000000eaeb7c50,0x00000000eaf00000)
  to   space 1024K, 0% used [0x00000000eb000000,0x00000000eb000000,0x00000000eb100000)
 ParOldGen       total 161280K, used 161264K [0x00000000c0000000, 0x00000000c9d80000, 0x00000000eab00000)
  object space 161280K, 99% used [0x00000000c0000000,0x00000000c9d7c2b8,0x00000000c9d80000)
 Metaspace       used 57853K, committed 59264K, reserved 1114112K
  class space    used 5954K, committed 6592K, reserved 1048576K
}
Event: 19.264 GC heap before
{Heap before GC invocations=119 (full 3):
 PSYoungGen      total 4096K, used 3807K [0x00000000eab00000, 0x00000000eb100000, 0x0000000100000000)
  eden space 3072K, 100% used [0x00000000eab00000,0x00000000eae00000,0x00000000eae00000)
  from space 1024K, 71% used [0x00000000eae00000,0x00000000eaeb7c50,0x00000000eaf00000)
  to   space 1024K, 0% used [0x00000000eb000000,0x00000000eb000000,0x00000000eb100000)
 ParOldGen       total 161280K, used 161264K [0x00000000c0000000, 0x00000000c9d80000, 0x00000000eab00000)
  object space 161280K, 99% used [0x00000000c0000000,0x00000000c9d7c2b8,0x00000000c9d80000)
 Metaspace       used 57903K, committed 59328K, reserved 1114112K
  class space    used 5958K, committed 6592K, reserved 1048576K
}
Event: 19.266 GC heap after
{Heap after GC invocations=119 (full 3):
 PSYoungGen      total 5120K, used 751K [0x00000000eab00000, 0x00000000eb100000, 0x0000000100000000)
  eden space 4096K, 0% used [0x00000000eab00000,0x00000000eab00000,0x00000000eaf00000)
  from space 1024K, 73% used [0x00000000eb000000,0x00000000eb0bbdb8,0x00000000eb100000)
  to   space 1024K, 0% used [0x00000000eaf00000,0x00000000eaf00000,0x00000000eb000000)
 ParOldGen       total 162304K, used 161911K [0x00000000c0000000, 0x00000000c9e80000, 0x00000000eab00000)
  object space 162304K, 99% used [0x00000000c0000000,0x00000000c9e1dd38,0x00000000c9e80000)
 Metaspace       used 57903K, committed 59328K, reserved 1114112K
  class space    used 5958K, committed 6592K, reserved 1048576K
}
Event: 19.298 GC heap before
{Heap before GC invocations=120 (full 3):
 PSYoungGen      total 5120K, used 4847K [0x00000000eab00000, 0x00000000eb100000, 0x0000000100000000)
  eden space 4096K, 100% used [0x00000000eab00000,0x00000000eaf00000,0x00000000eaf00000)
  from space 1024K, 73% used [0x00000000eb000000,0x00000000eb0bbdb8,0x00000000eb100000)
  to   space 1024K, 0% used [0x00000000eaf00000,0x00000000eaf00000,0x00000000eb000000)
 ParOldGen       total 162304K, used 161911K [0x00000000c0000000, 0x00000000c9e80000, 0x00000000eab00000)
  object space 162304K, 99% used [0x00000000c0000000,0x00000000c9e1dd38,0x00000000c9e80000)
 Metaspace       used 57988K, committed 59456K, reserved 1114112K
  class space    used 5976K, committed 6656K, reserved 1048576K
}
Event: 19.302 GC heap after
{Heap after GC invocations=120 (full 3):
 PSYoungGen      total 5120K, used 1001K [0x00000000eab00000, 0x00000000eb100000, 0x0000000100000000)
  eden space 4096K, 0% used [0x00000000eab00000,0x00000000eab00000,0x00000000eaf00000)
  from space 1024K, 97% used [0x00000000eaf00000,0x00000000eaffa7a0,0x00000000eb000000)
  to   space 1024K, 0% used [0x00000000eb000000,0x00000000eb000000,0x00000000eb100000)
 ParOldGen       total 162816K, used 162555K [0x00000000c0000000, 0x00000000c9f00000, 0x00000000eab00000)
  object space 162816K, 99% used [0x00000000c0000000,0x00000000c9ebecf0,0x00000000c9f00000)
 Metaspace       used 57988K, committed 59456K, reserved 1114112K
  class space    used 5976K, committed 6656K, reserved 1048576K
}
Event: 19.330 GC heap before
{Heap before GC invocations=121 (full 3):
 PSYoungGen      total 5120K, used 5097K [0x00000000eab00000, 0x00000000eb100000, 0x0000000100000000)
  eden space 4096K, 100% used [0x00000000eab00000,0x00000000eaf00000,0x00000000eaf00000)
  from space 1024K, 97% used [0x00000000eaf00000,0x00000000eaffa7a0,0x00000000eb000000)
  to   space 1024K, 0% used [0x00000000eb000000,0x00000000eb000000,0x00000000eb100000)
 ParOldGen       total 162816K, used 162555K [0x00000000c0000000, 0x00000000c9f00000, 0x00000000eab00000)
  object space 162816K, 99% used [0x00000000c0000000,0x00000000c9ebecf0,0x00000000c9f00000)
 Metaspace       used 58040K, committed 59520K, reserved 1114112K
  class space    used 5983K, committed 6656K, reserved 1048576K
}
Event: 19.337 GC heap after
{Heap after GC invocations=121 (full 3):
 PSYoungGen      total 5120K, used 1018K [0x00000000eab00000, 0x00000000eb100000, 0x0000000100000000)
  eden space 4096K, 0% used [0x00000000eab00000,0x00000000eab00000,0x00000000eaf00000)
  from space 1024K, 99% used [0x00000000eb000000,0x00000000eb0feae0,0x00000000eb100000)
  to   space 1024K, 0% used [0x00000000eaf00000,0x00000000eaf00000,0x00000000eb000000)
 ParOldGen       total 163840K, used 163529K [0x00000000c0000000, 0x00000000ca000000, 0x00000000eab00000)
  object space 163840K, 99% used [0x00000000c0000000,0x00000000c9fb2638,0x00000000ca000000)
 Metaspace       used 58040K, committed 59520K, reserved 1114112K
  class space    used 5983K, committed 6656K, reserved 1048576K
}

Dll operation events (10 events):
Event: 0.028 Loaded shared library c:\Users\USER\.vscode\extensions\redhat.java-1.42.0-win32-x64\jre\21.0.7-win32-x86_64\bin\java.dll
Event: 0.171 Loaded shared library c:\Users\USER\.vscode\extensions\redhat.java-1.42.0-win32-x64\jre\21.0.7-win32-x86_64\bin\zip.dll
Event: 0.216 Loaded shared library C:\Users\USER\.vscode\extensions\redhat.java-1.42.0-win32-x64\jre\21.0.7-win32-x86_64\bin\instrument.dll
Event: 0.224 Loaded shared library C:\Users\USER\.vscode\extensions\redhat.java-1.42.0-win32-x64\jre\21.0.7-win32-x86_64\bin\net.dll
Event: 0.228 Loaded shared library C:\Users\USER\.vscode\extensions\redhat.java-1.42.0-win32-x64\jre\21.0.7-win32-x86_64\bin\nio.dll
Event: 0.234 Loaded shared library C:\Users\USER\.vscode\extensions\redhat.java-1.42.0-win32-x64\jre\21.0.7-win32-x86_64\bin\zip.dll
Event: 0.266 Loaded shared library C:\Users\USER\.vscode\extensions\redhat.java-1.42.0-win32-x64\jre\21.0.7-win32-x86_64\bin\jimage.dll
Event: 0.376 Loaded shared library c:\Users\USER\.vscode\extensions\redhat.java-1.42.0-win32-x64\jre\21.0.7-win32-x86_64\bin\verify.dll
Event: 2.508 Loaded shared library C:\Users\USER\AppData\Roaming\Code\User\globalStorage\redhat.java\1.42.0\config_win\org.eclipse.equinox.launcher\org.eclipse.equinox.launcher.win32.win32.x86_64_1.2.1300.v20250331-1702\eclipse_11911.dll
Event: 5.780 Loaded shared library C:\Users\USER\AppData\Local\Temp\jna-2614219\jna12095937313904511729.dll

Deoptimization events (20 events):
Event: 18.639 Thread 0x000002a712ffbd10 Uncommon trap: trap_request=0xffffff45 fr.pc=0x000002a6bfa715f0 relative=0x00000000000011b0
Event: 18.639 Thread 0x000002a712ffbd10 Uncommon trap: reason=unstable_if action=reinterpret pc=0x000002a6bfa715f0 method=org.codehaus.plexus.util.xml.pull.MXParser.nextImpl()I @ 973 c2
Event: 18.640 Thread 0x000002a712ffbd10 DEOPT PACKING pc=0x000002a6bfa715f0 sp=0x000000bdb03fde90
Event: 18.640 Thread 0x000002a712ffbd10 DEOPT UNPACKING pc=0x000002a6bf1f3aa2 sp=0x000000bdb03fde08 mode 2
Event: 18.823 Thread 0x000002a712abb2e0 DEOPT PACKING pc=0x000002a6b893c7fe sp=0x000000bdaeefd700
Event: 18.823 Thread 0x000002a712abb2e0 DEOPT UNPACKING pc=0x000002a6bf1f4242 sp=0x000000bdaeefcbe0 mode 0
Event: 18.828 Thread 0x000002a712abb2e0 DEOPT PACKING pc=0x000002a6b7fc8dc6 sp=0x000000bdaeefd480
Event: 18.828 Thread 0x000002a712abb2e0 DEOPT UNPACKING pc=0x000002a6bf1f4242 sp=0x000000bdaeefca00 mode 0
Event: 18.883 Thread 0x000002a712abb2e0 DEOPT PACKING pc=0x000002a6b893caa6 sp=0x000000bdaeefd6f0
Event: 18.883 Thread 0x000002a712abb2e0 DEOPT UNPACKING pc=0x000002a6bf1f4242 sp=0x000000bdaeefcbe0 mode 0
Event: 18.939 Thread 0x000002a712abb2e0 DEOPT PACKING pc=0x000002a6b893caa6 sp=0x000000bdaeefd6f0
Event: 18.939 Thread 0x000002a712abb2e0 DEOPT UNPACKING pc=0x000002a6bf1f4242 sp=0x000000bdaeefcbe0 mode 0
Event: 19.073 Thread 0x000002a712abb2e0 DEOPT PACKING pc=0x000002a6b8df3f5e sp=0x000000bdaeefba90
Event: 19.073 Thread 0x000002a712abb2e0 DEOPT UNPACKING pc=0x000002a6bf1f4242 sp=0x000000bdaeefaf90 mode 0
Event: 19.079 Thread 0x000002a712abb2e0 DEOPT PACKING pc=0x000002a6b868d6d5 sp=0x000000bdaeefb6d0
Event: 19.079 Thread 0x000002a712abb2e0 DEOPT UNPACKING pc=0x000002a6bf1f4242 sp=0x000000bdaeefabd8 mode 0
Event: 19.118 Thread 0x000002a712abb2e0 DEOPT PACKING pc=0x000002a6b8ec33a5 sp=0x000000bdaeefd500
Event: 19.118 Thread 0x000002a712abb2e0 DEOPT UNPACKING pc=0x000002a6bf1f4242 sp=0x000000bdaeefca40 mode 0
Event: 19.240 Thread 0x000002a712abb2e0 DEOPT PACKING pc=0x000002a6b7fc8dc6 sp=0x000000bdaeefd4f0
Event: 19.240 Thread 0x000002a712abb2e0 DEOPT UNPACKING pc=0x000002a6bf1f4242 sp=0x000000bdaeefca70 mode 0

Classes loaded (20 events):
Event: 14.275 Loading class jdk/internal/module/IllegalAccessLogger
Event: 14.275 Loading class jdk/internal/module/IllegalAccessLogger done
Event: 14.298 Loading class java/util/concurrent/ArrayBlockingQueue
Event: 14.299 Loading class java/util/concurrent/ArrayBlockingQueue done
Event: 14.458 Loading class java/util/Hashtable$ValueCollection
Event: 14.459 Loading class java/util/Hashtable$ValueCollection done
Event: 14.465 Loading class java/util/concurrent/ConcurrentHashMap$KeySpliterator
Event: 14.465 Loading class java/util/concurrent/ConcurrentHashMap$KeySpliterator done
Event: 14.480 Loading class sun/nio/ch/ChannelOutputStream
Event: 14.480 Loading class sun/nio/ch/ChannelOutputStream done
Event: 15.251 Loading class jdk/internal/module/IllegalAccessLogger
Event: 15.251 Loading class jdk/internal/module/IllegalAccessLogger done
Event: 18.622 Loading class sun/nio/cs/ISO_8859_1$Decoder
Event: 18.622 Loading class sun/nio/cs/ISO_8859_1$Decoder done
Event: 18.958 Loading class java/util/stream/DistinctOps
Event: 18.958 Loading class java/util/stream/DistinctOps done
Event: 18.958 Loading class java/util/stream/DistinctOps$1
Event: 18.959 Loading class java/util/stream/DistinctOps$1 done
Event: 18.962 Loading class java/util/stream/DistinctOps$1$2
Event: 18.962 Loading class java/util/stream/DistinctOps$1$2 done

Classes unloaded (7 events):
Event: 6.896 Thread 0x000002a6c8e54ee0 Unloading class 0x000002a6ca19cc00 'java/lang/invoke/LambdaForm$MH+0x000002a6ca19cc00'
Event: 6.896 Thread 0x000002a6c8e54ee0 Unloading class 0x000002a6ca19c800 'java/lang/invoke/LambdaForm$MH+0x000002a6ca19c800'
Event: 6.896 Thread 0x000002a6c8e54ee0 Unloading class 0x000002a6ca19c400 'java/lang/invoke/LambdaForm$MH+0x000002a6ca19c400'
Event: 6.896 Thread 0x000002a6c8e54ee0 Unloading class 0x000002a6ca19c000 'java/lang/invoke/LambdaForm$MH+0x000002a6ca19c000'
Event: 6.896 Thread 0x000002a6c8e54ee0 Unloading class 0x000002a6ca19bc00 'java/lang/invoke/LambdaForm$BMH+0x000002a6ca19bc00'
Event: 6.896 Thread 0x000002a6c8e54ee0 Unloading class 0x000002a6ca19b800 'java/lang/invoke/LambdaForm$DMH+0x000002a6ca19b800'
Event: 6.896 Thread 0x000002a6c8e54ee0 Unloading class 0x000002a6ca19a400 'java/lang/invoke/LambdaForm$DMH+0x000002a6ca19a400'

Classes redefined (0 events):
No events

Internal exceptions (20 events):
Event: 14.469 Thread 0x000002a712abb2e0 Exception <a 'java/lang/NoSuchMethodError'{0x00000000eb268b20}: 'java.lang.Object java.lang.invoke.DirectMethodHandle$Holder.newInvokeSpecial(java.lang.Object, java.lang.Object, int, int, java.lang.Object)'> (0x00000000eb268b20) 
thrown [s\src\hotspot\share\interpreter\linkResolver.cpp, line 773]
Event: 15.123 Thread 0x000002a712abb2e0 Exception <a 'sun/nio/fs/WindowsException'{0x00000000eab1d430}> (0x00000000eab1d430) 
thrown [s\src\hotspot\share\prims\jni.cpp, line 520]
Event: 15.125 Thread 0x000002a712abd3b0 Exception <a 'sun/nio/fs/WindowsException'{0x00000000eab42bb8}> (0x00000000eab42bb8) 
thrown [s\src\hotspot\share\prims\jni.cpp, line 520]
Event: 15.126 Thread 0x000002a712ab8b80 Exception <a 'sun/nio/fs/WindowsException'{0x00000000eab9d790}> (0x00000000eab9d790) 
thrown [s\src\hotspot\share\prims\jni.cpp, line 520]
Event: 15.127 Thread 0x000002a712abda40 Exception <a 'sun/nio/fs/WindowsException'{0x00000000eabbe798}> (0x00000000eabbe798) 
thrown [s\src\hotspot\share\prims\jni.cpp, line 520]
Event: 15.281 Thread 0x000002a712abb2e0 Exception <a 'sun/nio/fs/WindowsException'{0x00000000eac8b8e8}> (0x00000000eac8b8e8) 
thrown [s\src\hotspot\share\prims\jni.cpp, line 520]
Event: 15.282 Thread 0x000002a712abb2e0 Exception <a 'sun/nio/fs/WindowsException'{0x00000000eac8bf18}> (0x00000000eac8bf18) 
thrown [s\src\hotspot\share\prims\jni.cpp, line 520]
Event: 15.842 Thread 0x000002a712abb2e0 Exception <a 'java/lang/NoSuchMethodError'{0x00000000eab2f228}: 'void java.lang.invoke.DirectMethodHandle$Holder.invokeStatic(java.lang.Object, java.lang.Object, java.lang.Object, int)'> (0x00000000eab2f228) 
thrown [s\src\hotspot\share\interpreter\linkResolver.cpp, line 773]
Event: 15.859 Thread 0x000002a712abb2e0 Exception <a 'java/lang/NoSuchMethodError'{0x00000000eabd97d8}: 'void java.lang.invoke.DirectMethodHandle$Holder.invokeVirtual(java.lang.Object, java.lang.Object, int)'> (0x00000000eabd97d8) 
thrown [s\src\hotspot\share\interpreter\linkResolver.cpp, line 773]
Event: 18.168 Thread 0x000002a712abb2e0 Exception <a 'java/lang/NoSuchMethodError'{0x00000000eac66d98}: 'void java.lang.invoke.DirectMethodHandle$Holder.invokeInterface(java.lang.Object, java.lang.Object)'> (0x00000000eac66d98) 
thrown [s\src\hotspot\share\interpreter\linkResolver.cpp, line 773]
Event: 18.965 Thread 0x000002a712abb2e0 Exception <a 'java/lang/NoSuchMethodError'{0x00000000eae64b88}: 'java.lang.Object java.lang.invoke.DirectMethodHandle$Holder.newInvokeSpecial(java.lang.Object, java.lang.Object, int, java.lang.Object, java.lang.Object)'> (0x00000000eae64b88) 
thrown [s\src\hotspot\share\interpreter\linkResolver.cpp, line 773]
Event: 18.974 Thread 0x000002a712abb2e0 Exception <a 'java/lang/NoSuchMethodError'{0x00000000eafaaf08}: 'java.lang.Object java.lang.invoke.DirectMethodHandle$Holder.invokeSpecial(java.lang.Object, java.lang.Object, java.lang.Object, int, java.lang.Object, java.lang.Object, java.lang.Object)'> (0x00000000eafaaf08) 
thrown [s\src\hotspot\share\interpreter\linkResolver.cpp, line 773]
Event: 19.056 Thread 0x000002a712abb2e0 Exception <a 'java/lang/NoSuchMethodError'{0x00000000eab15668}: 'java.lang.Object java.lang.invoke.DirectMethodHandle$Holder.invokeStatic(java.lang.Object, java.lang.Object, int, java.lang.Object, java.lang.Object)'> (0x00000000eab15668) 
thrown [s\src\hotspot\share\interpreter\linkResolver.cpp, line 773]
Event: 19.057 Thread 0x000002a712abb2e0 Exception <a 'java/lang/NoSuchMethodError'{0x00000000eab56f88}: 'java.lang.Object java.lang.invoke.DirectMethodHandle$Holder.newInvokeSpecial(java.lang.Object, java.lang.Object, int)'> (0x00000000eab56f88) 
thrown [s\src\hotspot\share\interpreter\linkResolver.cpp, line 773]
Event: 19.083 Thread 0x000002a712abb2e0 Exception <a 'java/lang/NoSuchMethodError'{0x00000000eae889d8}: 'void java.lang.invoke.DirectMethodHandle$Holder.invokeStatic(java.lang.Object, int)'> (0x00000000eae889d8) 
thrown [s\src\hotspot\share\interpreter\linkResolver.cpp, line 773]
Event: 19.260 Thread 0x000002a712abb2e0 Exception <a 'java/io/FileNotFoundException'{0x00000000ead35e78}> (0x00000000ead35e78) 
thrown [s\src\hotspot\share\prims\jni.cpp, line 520]
Event: 19.260 Thread 0x000002a712abb2e0 Exception <a 'java/io/FileNotFoundException'{0x00000000ead371f8}> (0x00000000ead371f8) 
thrown [s\src\hotspot\share\prims\jni.cpp, line 520]
Event: 19.261 Thread 0x000002a712abb2e0 Exception <a 'java/io/FileNotFoundException'{0x00000000ead381e0}> (0x00000000ead381e0) 
thrown [s\src\hotspot\share\prims\jni.cpp, line 520]
Event: 19.279 Thread 0x000002a712abb2e0 Exception <a 'java/lang/NoSuchMethodError'{0x00000000eac437b8}: 'int java.lang.invoke.DirectMethodHandle$Holder.invokeSpecialIFC(java.lang.Object, java.lang.Object, java.lang.Object, java.lang.Object)'> (0x00000000eac437b8) 
thrown [s\src\hotspot\share\interpreter\linkResolver.cpp, line 773]
Event: 19.282 Thread 0x000002a712abb2e0 Exception <a 'java/lang/NoSuchMethodError'{0x00000000eac79ff0}: 'int java.lang.invoke.DirectMethodHandle$Holder.invokeStatic(java.lang.Object, java.lang.Object, java.lang.Object, java.lang.Object, java.lang.Object, java.lang.Object)'> (0x00000000eac79ff0) 
thrown [s\src\hotspot\share\interpreter\linkResolver.cpp, line 773]

ZGC Phase Switch (0 events):
No events

VM Operations (20 events):
Event: 19.123 Executing VM operation: ParallelGCFailedAllocation (Allocation Failure)
Event: 19.123 Executing VM operation: ParallelGCFailedAllocation (Allocation Failure) done
Event: 19.123 Executing VM operation: ParallelGCSystemGC (GCLocker Initiated GC)
Event: 19.125 Executing VM operation: ParallelGCSystemGC (GCLocker Initiated GC) done
Event: 19.153 Executing VM operation: ParallelGCFailedAllocation (Allocation Failure)
Event: 19.156 Executing VM operation: ParallelGCFailedAllocation (Allocation Failure) done
Event: 19.177 Executing VM operation: ParallelGCFailedAllocation (Allocation Failure)
Event: 19.180 Executing VM operation: ParallelGCFailedAllocation (Allocation Failure) done
Event: 19.197 Executing VM operation: ParallelGCFailedAllocation (Allocation Failure)
Event: 19.199 Executing VM operation: ParallelGCFailedAllocation (Allocation Failure) done
Event: 19.221 Executing VM operation: ParallelGCFailedAllocation (Allocation Failure)
Event: 19.224 Executing VM operation: ParallelGCFailedAllocation (Allocation Failure) done
Event: 19.241 Executing VM operation: ParallelGCFailedAllocation (Allocation Failure)
Event: 19.244 Executing VM operation: ParallelGCFailedAllocation (Allocation Failure) done
Event: 19.264 Executing VM operation: ParallelGCFailedAllocation (Allocation Failure)
Event: 19.266 Executing VM operation: ParallelGCFailedAllocation (Allocation Failure) done
Event: 19.298 Executing VM operation: ParallelGCFailedAllocation (Allocation Failure)
Event: 19.302 Executing VM operation: ParallelGCFailedAllocation (Allocation Failure) done
Event: 19.330 Executing VM operation: ParallelGCFailedAllocation (Allocation Failure)
Event: 19.337 Executing VM operation: ParallelGCFailedAllocation (Allocation Failure) done

Memory protections (0 events):
No events

Nmethod flushes (20 events):
Event: 17.084 Thread 0x000002a6c8e54ee0 flushing  nmethod 0x000002a6b856d210
Event: 17.084 Thread 0x000002a6c8e54ee0 flushing  nmethod 0x000002a6b8573f10
Event: 17.084 Thread 0x000002a6c8e54ee0 flushing  nmethod 0x000002a6b8574310
Event: 17.084 Thread 0x000002a6c8e54ee0 flushing  nmethod 0x000002a6b8575510
Event: 17.084 Thread 0x000002a6c8e54ee0 flushing  nmethod 0x000002a6b8582a10
Event: 17.084 Thread 0x000002a6c8e54ee0 flushing  nmethod 0x000002a6b8583590
Event: 17.084 Thread 0x000002a6c8e54ee0 flushing  nmethod 0x000002a6b8584490
Event: 17.084 Thread 0x000002a6c8e54ee0 flushing  nmethod 0x000002a6b8584f90
Event: 17.084 Thread 0x000002a6c8e54ee0 flushing  nmethod 0x000002a6b8587990
Event: 17.084 Thread 0x000002a6c8e54ee0 flushing  nmethod 0x000002a6b8588110
Event: 17.084 Thread 0x000002a6c8e54ee0 flushing  nmethod 0x000002a6b8588490
Event: 17.084 Thread 0x000002a6c8e54ee0 flushing  nmethod 0x000002a6b8588890
Event: 17.084 Thread 0x000002a6c8e54ee0 flushing  nmethod 0x000002a6b8592490
Event: 17.084 Thread 0x000002a6c8e54ee0 flushing  nmethod 0x000002a6b8594390
Event: 17.084 Thread 0x000002a6c8e54ee0 flushing  nmethod 0x000002a6b8594b90
Event: 17.084 Thread 0x000002a6c8e54ee0 flushing  nmethod 0x000002a6b8594f10
Event: 17.084 Thread 0x000002a6c8e54ee0 flushing  nmethod 0x000002a6b8595490
Event: 17.084 Thread 0x000002a6c8e54ee0 flushing  nmethod 0x000002a6b8595890
Event: 17.084 Thread 0x000002a6c8e54ee0 flushing  nmethod 0x000002a6b8595e10
Event: 17.084 Thread 0x000002a6c8e54ee0 flushing  nmethod 0x000002a6b859ce90

Events (20 events):
Event: 14.486 Thread 0x000002a712abb2e0 Thread added: 0x000002a712ffd750
Event: 14.495 Thread 0x000002a712abb2e0 Thread added: 0x000002a712ff8f20
Event: 14.512 Thread 0x000002a712abb2e0 Thread added: 0x000002a713000540
Event: 14.512 Thread 0x000002a712abb2e0 Thread added: 0x000002a712ffaff0
Event: 14.580 Thread 0x000002a712abb2e0 Thread added: 0x000002a712ffb680
Event: 18.183 Thread 0x000002a712abb2e0 Thread added: 0x000002a712ffbd10
Event: 18.183 Thread 0x000002a712abb2e0 Thread added: 0x000002a712ffc3a0
Event: 18.183 Thread 0x000002a712abb2e0 Thread added: 0x000002a712fb5c50
Event: 18.184 Thread 0x000002a712abb2e0 Thread added: 0x000002a712fbbec0
Event: 18.184 Thread 0x000002a712abb2e0 Thread added: 0x000002a712fbb1a0
Event: 18.775 Thread 0x000002a712ffc3a0 Thread exited: 0x000002a712ffc3a0
Event: 18.775 Thread 0x000002a712ffbd10 Thread exited: 0x000002a712ffbd10
Event: 18.775 Thread 0x000002a712fbbec0 Thread exited: 0x000002a712fbbec0
Event: 18.775 Thread 0x000002a712fbb1a0 Thread exited: 0x000002a712fbb1a0
Event: 18.776 Thread 0x000002a712fb5c50 Thread exited: 0x000002a712fb5c50
Event: 19.348 Thread 0x000002a712abb2e0 Thread added: 0x000002a712fbcbe0
Event: 19.348 Thread 0x000002a712abb2e0 Thread added: 0x000002a712fb5c50
Event: 19.348 Thread 0x000002a712abb2e0 Thread added: 0x000002a712fbd270
Event: 19.348 Thread 0x000002a712abb2e0 Thread added: 0x000002a712fb90d0
Event: 19.349 Thread 0x000002a712abb2e0 Thread added: 0x000002a712fb8a40


Dynamic libraries:
0x00007ff77d5e0000 - 0x00007ff77d5ee000 	c:\Users\USER\.vscode\extensions\redhat.java-1.42.0-win32-x64\jre\21.0.7-win32-x86_64\bin\java.exe
0x00007ff9eb1d0000 - 0x00007ff9eb3e7000 	C:\WINDOWS\SYSTEM32\ntdll.dll
0x00007ff9e9bd0000 - 0x00007ff9e9c94000 	C:\WINDOWS\System32\KERNEL32.DLL
0x00007ff9e87a0000 - 0x00007ff9e8b73000 	C:\WINDOWS\System32\KERNELBASE.dll
0x00007ff9e8cc0000 - 0x00007ff9e8dd1000 	C:\WINDOWS\System32\ucrtbase.dll
0x00007ff997010000 - 0x00007ff997028000 	c:\Users\USER\.vscode\extensions\redhat.java-1.42.0-win32-x64\jre\21.0.7-win32-x86_64\bin\jli.dll
0x00007ff9e98f0000 - 0x00007ff9e9aa1000 	C:\WINDOWS\System32\USER32.dll
0x00007ff9e86d0000 - 0x00007ff9e86f6000 	C:\WINDOWS\System32\win32u.dll
0x00007ff9ea720000 - 0x00007ff9ea749000 	C:\WINDOWS\System32\GDI32.dll
0x00007ff9e85a0000 - 0x00007ff9e86c2000 	C:\WINDOWS\System32\gdi32full.dll
0x00007ff9e8700000 - 0x00007ff9e879a000 	C:\WINDOWS\System32\msvcp_win.dll
0x00007ff97b1d0000 - 0x00007ff97b1ee000 	c:\Users\USER\.vscode\extensions\redhat.java-1.42.0-win32-x64\jre\21.0.7-win32-x86_64\bin\VCRUNTIME140.dll
0x00007ff9cfc30000 - 0x00007ff9cfecb000 	C:\WINDOWS\WinSxS\amd64_microsoft.windows.common-controls_6595b64144ccf1df_6.0.22621.5262_none_2712bde373830908\COMCTL32.dll
0x00007ff9e9720000 - 0x00007ff9e97c7000 	C:\WINDOWS\System32\msvcrt.dll
0x00007ff9e98b0000 - 0x00007ff9e98e1000 	C:\WINDOWS\System32\IMM32.DLL
0x00000000698e0000 - 0x00000000698ec000 	C:\Program Files (x86)\360\Total Security\safemon\SafeWrapper.dll
0x00007ff9eae20000 - 0x00007ff9eaed1000 	C:\WINDOWS\System32\ADVAPI32.dll
0x00007ff9e9800000 - 0x00007ff9e98a7000 	C:\WINDOWS\System32\sechost.dll
0x00007ff9e8430000 - 0x00007ff9e8458000 	C:\WINDOWS\System32\bcrypt.dll
0x00007ff9ea4a0000 - 0x00007ff9ea5b4000 	C:\WINDOWS\System32\RPCRT4.dll
0x00007ff9c8d90000 - 0x00007ff9c8e3c000 	C:\Program Files (x86)\360\Total Security\safemon\libzdtp64.dll
0x00007ff9e8e80000 - 0x00007ff9e971d000 	C:\WINDOWS\System32\SHELL32.dll
0x00007ff9e8b80000 - 0x00007ff9e8cbf000 	C:\WINDOWS\System32\wintypes.dll
0x00007ff9eaa80000 - 0x00007ff9eae13000 	C:\WINDOWS\System32\combase.dll
0x00007ff9ea900000 - 0x00007ff9ea966000 	C:\WINDOWS\System32\SHLWAPI.dll
0x00007ff9e7c50000 - 0x00007ff9e7c5a000 	C:\WINDOWS\SYSTEM32\VERSION.dll
0x00007ff9c59e0000 - 0x00007ff9c59ec000 	c:\Users\USER\.vscode\extensions\redhat.java-1.42.0-win32-x64\jre\21.0.7-win32-x86_64\bin\vcruntime140_1.dll
0x00007ff96df00000 - 0x00007ff96df8d000 	c:\Users\USER\.vscode\extensions\redhat.java-1.42.0-win32-x64\jre\21.0.7-win32-x86_64\bin\msvcp140.dll
0x00007ff9531e0000 - 0x00007ff953f70000 	c:\Users\USER\.vscode\extensions\redhat.java-1.42.0-win32-x64\jre\21.0.7-win32-x86_64\bin\server\jvm.dll
0x00007ff9ea420000 - 0x00007ff9ea491000 	C:\WINDOWS\System32\WS2_32.dll
0x00007ff9e8190000 - 0x00007ff9e81dd000 	C:\WINDOWS\SYSTEM32\POWRPROF.dll
0x00007ff9d1410000 - 0x00007ff9d1444000 	C:\WINDOWS\SYSTEM32\WINMM.dll
0x00007ff9e8170000 - 0x00007ff9e8183000 	C:\WINDOWS\SYSTEM32\UMPDC.dll
0x00007ff9e7290000 - 0x00007ff9e72a8000 	C:\WINDOWS\SYSTEM32\kernel.appcore.dll
0x00007ff9c4f80000 - 0x00007ff9c4f8a000 	c:\Users\USER\.vscode\extensions\redhat.java-1.42.0-win32-x64\jre\21.0.7-win32-x86_64\bin\jimage.dll
0x00007ff9e5210000 - 0x00007ff9e5442000 	C:\WINDOWS\SYSTEM32\DBGHELP.DLL
0x00007ff9eaf00000 - 0x00007ff9eafd7000 	C:\WINDOWS\System32\OLEAUT32.dll
0x00007ff9c60e0000 - 0x00007ff9c6112000 	C:\WINDOWS\SYSTEM32\dbgcore.DLL
0x00007ff9e8de0000 - 0x00007ff9e8e5b000 	C:\WINDOWS\System32\bcryptPrimitives.dll
0x00007ff9b3c70000 - 0x00007ff9b3c7f000 	c:\Users\USER\.vscode\extensions\redhat.java-1.42.0-win32-x64\jre\21.0.7-win32-x86_64\bin\instrument.dll
0x00007ff97b1b0000 - 0x00007ff97b1cf000 	c:\Users\USER\.vscode\extensions\redhat.java-1.42.0-win32-x64\jre\21.0.7-win32-x86_64\bin\java.dll
0x00007ff9e6190000 - 0x00007ff9e6aad000 	C:\WINDOWS\SYSTEM32\windows.storage.dll
0x00007ff9ea970000 - 0x00007ff9eaa7b000 	C:\WINDOWS\System32\SHCORE.dll
0x00007ff9e81f0000 - 0x00007ff9e821b000 	C:\WINDOWS\SYSTEM32\profapi.dll
0x00007ff97b190000 - 0x00007ff97b1a8000 	c:\Users\USER\.vscode\extensions\redhat.java-1.42.0-win32-x64\jre\21.0.7-win32-x86_64\bin\zip.dll
0x00007ff9b3a00000 - 0x00007ff9b3a10000 	C:\Users\USER\.vscode\extensions\redhat.java-1.42.0-win32-x64\jre\21.0.7-win32-x86_64\bin\net.dll
0x00007ff9e18a0000 - 0x00007ff9e19cc000 	C:\WINDOWS\SYSTEM32\WINHTTP.dll
0x00007ff9e7710000 - 0x00007ff9e777a000 	C:\WINDOWS\system32\mswsock.dll
0x00007ff97b170000 - 0x00007ff97b186000 	C:\Users\USER\.vscode\extensions\redhat.java-1.42.0-win32-x64\jre\21.0.7-win32-x86_64\bin\nio.dll
0x00007ff9b3910000 - 0x00007ff9b3920000 	c:\Users\USER\.vscode\extensions\redhat.java-1.42.0-win32-x64\jre\21.0.7-win32-x86_64\bin\verify.dll
0x00007ff96fd50000 - 0x00007ff96fd95000 	C:\Users\USER\AppData\Roaming\Code\User\globalStorage\redhat.java\1.42.0\config_win\org.eclipse.equinox.launcher\org.eclipse.equinox.launcher.win32.win32.x86_64_1.2.1300.v20250331-1702\eclipse_11911.dll
0x00007ff9eafe0000 - 0x00007ff9eb181000 	C:\WINDOWS\System32\ole32.dll
0x00007ff9e7960000 - 0x00007ff9e797b000 	C:\WINDOWS\SYSTEM32\CRYPTSP.dll
0x00007ff9e71f0000 - 0x00007ff9e7227000 	C:\WINDOWS\system32\rsaenh.dll
0x00007ff9e7800000 - 0x00007ff9e7828000 	C:\WINDOWS\SYSTEM32\USERENV.dll
0x00007ff9e7980000 - 0x00007ff9e798c000 	C:\WINDOWS\SYSTEM32\CRYPTBASE.dll
0x00007ff9e6d50000 - 0x00007ff9e6d7d000 	C:\WINDOWS\SYSTEM32\IPHLPAPI.DLL
0x00007ff9e8e70000 - 0x00007ff9e8e79000 	C:\WINDOWS\System32\NSI.dll
0x00007ff96f060000 - 0x00007ff96f0a9000 	C:\Users\USER\AppData\Local\Temp\jna-2614219\jna12095937313904511729.dll
0x00007ff9e8e60000 - 0x00007ff9e8e68000 	C:\WINDOWS\System32\PSAPI.DLL
0x00007ff9e1880000 - 0x00007ff9e1899000 	C:\WINDOWS\SYSTEM32\dhcpcsvc6.DLL
0x00007ff9e1860000 - 0x00007ff9e187f000 	C:\WINDOWS\SYSTEM32\dhcpcsvc.DLL

dbghelp: loaded successfully - version: 4.0.5 - missing functions: none
symbol engine: initialized successfully - sym options: 0x614 - pdb path: .;c:\Users\USER\.vscode\extensions\redhat.java-1.42.0-win32-x64\jre\21.0.7-win32-x86_64\bin;C:\WINDOWS\SYSTEM32;C:\WINDOWS\WinSxS\amd64_microsoft.windows.common-controls_6595b64144ccf1df_6.0.22621.5262_none_2712bde373830908;C:\Program Files (x86)\360\Total Security\safemon;c:\Users\USER\.vscode\extensions\redhat.java-1.42.0-win32-x64\jre\21.0.7-win32-x86_64\bin\server;C:\Users\USER\AppData\Roaming\Code\User\globalStorage\redhat.java\1.42.0\config_win\org.eclipse.equinox.launcher\org.eclipse.equinox.launcher.win32.win32.x86_64_1.2.1300.v20250331-1702;C:\Users\USER\AppData\Local\Temp\jna-2614219

VM Arguments:
jvm_args: --add-modules=ALL-SYSTEM --add-opens=java.base/java.util=ALL-UNNAMED --add-opens=java.base/java.lang=ALL-UNNAMED --add-opens=java.base/sun.nio.fs=ALL-UNNAMED -Declipse.application=org.eclipse.jdt.ls.core.id1 -Dosgi.bundles.defaultStartLevel=4 -Declipse.product=org.eclipse.jdt.ls.core.product -Djava.import.generatesMetadataFilesAtProjectRoot=false -DDetectVMInstallationsJob.disabled=true -Dfile.encoding=utf8 -XX:+UseParallelGC -XX:GCTimeRatio=4 -XX:AdaptiveSizePolicyWeight=90 -Dsun.zip.disableMemoryMapping=true -Xmx1G -Xms100m -Xlog:disable -javaagent:c:\Users\USER\.vscode\extensions\redhat.java-1.42.0-win32-x64\lombok\lombok-1.18.36.jar -XX:+HeapDumpOnOutOfMemoryError -XX:HeapDumpPath=c:\Users\USER\AppData\Roaming\Code\User\workspaceStorage\0ebb995f52467a76852492d79a1fc689\redhat.java -Daether.dependencyCollector.impl=bf 
java_command: c:\Users\USER\.vscode\extensions\redhat.java-1.42.0-win32-x64\server\plugins\org.eclipse.equinox.launcher_1.7.0.v20250424-1814.jar -configuration c:\Users\USER\AppData\Roaming\Code\User\globalStorage\redhat.java\1.42.0\config_win -data c:\Users\USER\AppData\Roaming\Code\User\workspaceStorage\0ebb995f52467a76852492d79a1fc689\redhat.java\jdt_ws --pipe=\\.\pipe\lsp-9ba68a9a572f2d384c5f28768294138e-sock
java_class_path (initial): c:\Users\USER\.vscode\extensions\redhat.java-1.42.0-win32-x64\server\plugins\org.eclipse.equinox.launcher_1.7.0.v20250424-1814.jar
Launcher Type: SUN_STANDARD

[Global flags]
    uintx AdaptiveSizePolicyWeight                 = 90                                        {product} {command line}
     intx CICompilerCount                          = 4                                         {product} {ergonomic}
    uintx GCTimeRatio                              = 4                                         {product} {command line}
     bool HeapDumpOnOutOfMemoryError               = true                                   {manageable} {command line}
    ccstr HeapDumpPath                             = c:\Users\USER\AppData\Roaming\Code\User\workspaceStorage\0ebb995f52467a76852492d79a1fc689\redhat.java         {manageable} {command line}
   size_t InitialHeapSize                          = 104857600                                 {product} {command line}
   size_t MaxHeapSize                              = 1073741824                                {product} {command line}
   size_t MaxNewSize                               = 357564416                                 {product} {ergonomic}
   size_t MinHeapDeltaBytes                        = 524288                                    {product} {ergonomic}
   size_t MinHeapSize                              = 104857600                                 {product} {command line}
   size_t NewSize                                  = 34603008                                  {product} {ergonomic}
    uintx NonNMethodCodeHeapSize                   = 5839372                                {pd product} {ergonomic}
    uintx NonProfiledCodeHeapSize                  = 122909434                              {pd product} {ergonomic}
   size_t OldSize                                  = 70254592                                  {product} {ergonomic}
    uintx ProfiledCodeHeapSize                     = 122909434                              {pd product} {ergonomic}
    uintx ReservedCodeCacheSize                    = 251658240                              {pd product} {ergonomic}
     bool SegmentedCodeCache                       = true                                      {product} {ergonomic}
   size_t SoftMaxHeapSize                          = 1073741824                             {manageable} {ergonomic}
     bool UseCompressedOops                        = true                           {product lp64_product} {ergonomic}
     bool UseLargePagesIndividualAllocation        = false                                  {pd product} {ergonomic}
     bool UseParallelGC                            = true                                      {product} {command line}

Logging:
Log output configuration:
 #0: stdout all=off uptime,level,tags foldmultilines=false
 #1: stderr all=off uptime,level,tags foldmultilines=false

Environment Variables:
JAVA_HOME=C:\Program Files\Java\jdk-17
PATH=C:\Program Files (x86)\Common Files\Oracle\Java\javapath;C:\Program Files\Common Files\Oracle\Java\javapath;C:\WINDOWS\system32;C:\WINDOWS;C:\WINDOWS\System32\Wbem;C:\WINDOWS\System32\WindowsPowerShell\v1.0\;C:\WINDOWS\System32\OpenSSH\;C:\Program Files\dotnet\;C:\Program Files\Java\jdk-17\bin;C:\Program Files\nodejs\;C:\Program Files\Git\cmd;C:\Users\USER\AppData\Local\Programs\Python\Python313\Scripts\;C:\Users\USER\AppData\Local\Programs\Python\Python313\;C:\Users\USER\AppData\Local\Microsoft\WindowsApps;C:\Users\USER\AppData\Local\Programs\Microsoft VS Code\bin;C:\Program Files\apache-maven-3.9.6-bin\apache-maven-3.9.6\bin;C:\Users\USER\AppData\Roaming\npm;C:\Users\USER\AppData\Local\Programs\cursor\resources\app\bin
USERNAME=USER
OS=Windows_NT
PROCESSOR_IDENTIFIER=Intel64 Family 6 Model 142 Stepping 12, GenuineIntel
TMP=C:\Users\USER\AppData\Local\Temp
TEMP=C:\Users\USER\AppData\Local\Temp




Periodic native trim disabled

---------------  S Y S T E M  ---------------

OS:
 Windows 11 , 64 bit Build 22621 (10.0.22621.5262)
OS uptime: 0 days 1:51 hours
Hyper-V role detected

CPU: total 8 (initial active 8) (4 cores per cpu, 2 threads per core) family 6 model 142 stepping 12 microcode 0xfa, cx8, cmov, fxsr, ht, mmx, 3dnowpref, sse, sse2, sse3, ssse3, sse4.1, sse4.2, popcnt, lzcnt, tsc, tscinvbit, avx, avx2, aes, erms, clmul, bmi1, bmi2, adx, fma, vzeroupper, clflush, clflushopt, hv, rdtscp, f16c
Processor Information for the first 8 processors :
  Max Mhz: 1896, Current Mhz: 1596, Mhz Limit: 1592

Memory: 4k page, system-wide physical 7998M (223M free)
TotalPageFile size 11267M (AvailPageFile size 13M)
current process WorkingSet (physical memory assigned to process): 412M, peak: 412M
current process commit charge ("private bytes"): 394M, peak: 914M

vm_info: OpenJDK 64-Bit Server VM (21.0.7+6-LTS) for windows-amd64 JRE (21.0.7+6-LTS), built on 2025-04-15T00:00:00Z by "admin" with MS VC++ 17.7 (VS2022)

END.
