#
# There is insufficient memory for the Java Runtime Environment to continue.
# Native memory allocation (malloc) failed to allocate 118816 bytes. Error detail: Chunk::new
# Possible reasons:
#   The system is out of physical RAM or swap space
#   This process is running with CompressedOops enabled, and the Java Heap may be blocking the growth of the native heap
# Possible solutions:
#   Reduce memory load on the system
#   Increase physical memory or swap space
#   Check if swap backing store is full
#   Decrease Java heap size (-Xmx/-Xms)
#   Decrease number of Java threads
#   Decrease Java thread stack sizes (-Xss)
#   Set larger code cache with -XX:ReservedCodeCacheSize=
#   JVM is running with Unscaled Compressed Oops mode in which the Java heap is
#     placed in the first 4GB address space. The Java Heap base address is the
#     maximum limit for the native heap growth. Please use -XX:HeapBaseMinAddress
#     to set the Java Heap base and to place the Java Heap above 4GB virtual address.
# This output file may be truncated or incomplete.
#
#  Out of Memory Error (arena.cpp:168), pid=13928, tid=12524
#
# JRE version: OpenJDK Runtime Environment Temurin-21.0.7+6 (21.0.7+6) (build 21.0.7+6-LTS)
# Java VM: OpenJDK 64-Bit Server VM Temurin-21.0.7+6 (21.0.7+6-LTS, mixed mode, sharing, tiered, compressed oops, compressed class ptrs, parallel gc, windows-amd64)
# No core dump will be written. Minidumps are not enabled by default on client versions of Windows
#

---------------  S U M M A R Y ------------

Command Line: --add-modules=ALL-SYSTEM --add-opens=java.base/java.util=ALL-UNNAMED --add-opens=java.base/java.lang=ALL-UNNAMED --add-opens=java.base/sun.nio.fs=ALL-UNNAMED -Declipse.application=org.eclipse.jdt.ls.core.id1 -Dosgi.bundles.defaultStartLevel=4 -Declipse.product=org.eclipse.jdt.ls.core.product -Djava.import.generatesMetadataFilesAtProjectRoot=false -DDetectVMInstallationsJob.disabled=true -Dfile.encoding=utf8 -XX:+UseParallelGC -XX:GCTimeRatio=4 -XX:AdaptiveSizePolicyWeight=90 -Dsun.zip.disableMemoryMapping=true -Xmx1G -Xms100m -Xlog:disable -javaagent:c:\Users\USER\.vscode\extensions\redhat.java-1.42.0-win32-x64\lombok\lombok-1.18.36.jar c:\Users\USER\.vscode\extensions\redhat.java-1.42.0-win32-x64\server\plugins\org.eclipse.equinox.launcher_1.7.0.v20250424-1814.jar -configuration c:\Users\USER\AppData\Roaming\Code\User\globalStorage\redhat.java\1.42.0\config_ss_win -data c:\Users\USER\AppData\Roaming\Code\User\workspaceStorage\0ebb995f52467a76852492d79a1fc689\redhat.java\ss_ws --pipe=\\.\pipe\lsp-3d699762d13475ae2c9dc8b5c9f6f88b-sock

Host: Intel(R) Core(TM) i5-8365U CPU @ 1.60GHz, 8 cores, 7G,  Windows 11 , 64 bit Build 22621 (10.0.22621.5262)
Time: Tue May 27 20:13:23 2025 South Africa Standard Time elapsed time: 0.645813 seconds (0d 0h 0m 0s)

---------------  T H R E A D  ---------------

Current thread (0x000001feb9ad3980):  JavaThread "C2 CompilerThread0" daemon [_thread_in_native, id=12524, stack(0x0000008adc000000,0x0000008adc100000) (1024K)]


Current CompileTask:
C2:645  634       4       java.util.HashSet::iterator (13 bytes)

Stack: [0x0000008adc000000,0x0000008adc100000]
Native frames: (J=compiled Java code, j=interpreted, Vv=VM code, C=native code)
V  [jvm.dll+0x6ce119]
V  [jvm.dll+0x8a84a1]
V  [jvm.dll+0x8aa9ce]
V  [jvm.dll+0x8ab0b3]
V  [jvm.dll+0x27f8a6]
V  [jvm.dll+0xc507d]
V  [jvm.dll+0xc55b3]
V  [jvm.dll+0x3b692c]
V  [jvm.dll+0x382aa5]
V  [jvm.dll+0x381f0a]
V  [jvm.dll+0x247af0]
V  [jvm.dll+0x2470cf]
V  [jvm.dll+0x1c760e]
V  [jvm.dll+0x25695a]
V  [jvm.dll+0x254efa]
V  [jvm.dll+0x3f03f6]
V  [jvm.dll+0x851f6b]
V  [jvm.dll+0x6cc7dd]
C  [ucrtbase.dll+0x29333]
C  [KERNEL32.DLL+0x1259d]
C  [ntdll.dll+0x5af58]


---------------  P R O C E S S  ---------------

Threads class SMR info:
_java_thread_list=0x000001ff10bcb100, length=12, elements={
0x000001feb777e110, 0x000001fecde0e050, 0x000001feb9ac1cf0, 0x000001feb9ac5d90,
0x000001feb9ac7e30, 0x000001feb9acb260, 0x000001feb9ad1740, 0x000001feb9ad3980,
0x000001feb9ad84c0, 0x000001ff1093b0a0, 0x000001ff10b01a10, 0x000001ff10bb2fd0
}

Java Threads: ( => current thread )
  0x000001feb777e110 JavaThread "main"                              [_thread_in_Java, id=17956, stack(0x0000008adb600000,0x0000008adb700000) (1024K)]
  0x000001fecde0e050 JavaThread "Reference Handler"          daemon [_thread_blocked, id=7728, stack(0x0000008adba00000,0x0000008adbb00000) (1024K)]
  0x000001feb9ac1cf0 JavaThread "Finalizer"                  daemon [_thread_blocked, id=11708, stack(0x0000008adbb00000,0x0000008adbc00000) (1024K)]
  0x000001feb9ac5d90 JavaThread "Signal Dispatcher"          daemon [_thread_blocked, id=17292, stack(0x0000008adbc00000,0x0000008adbd00000) (1024K)]
  0x000001feb9ac7e30 JavaThread "Attach Listener"            daemon [_thread_blocked, id=10784, stack(0x0000008adbd00000,0x0000008adbe00000) (1024K)]
  0x000001feb9acb260 JavaThread "Service Thread"             daemon [_thread_blocked, id=13616, stack(0x0000008adbe00000,0x0000008adbf00000) (1024K)]
  0x000001feb9ad1740 JavaThread "Monitor Deflation Thread"   daemon [_thread_blocked, id=12620, stack(0x0000008adbf00000,0x0000008adc000000) (1024K)]
=>0x000001feb9ad3980 JavaThread "C2 CompilerThread0"         daemon [_thread_in_native, id=12524, stack(0x0000008adc000000,0x0000008adc100000) (1024K)]
  0x000001feb9ad84c0 JavaThread "C1 CompilerThread0"         daemon [_thread_in_native, id=10364, stack(0x0000008adc100000,0x0000008adc200000) (1024K)]
  0x000001ff1093b0a0 JavaThread "Common-Cleaner"             daemon [_thread_blocked, id=10076, stack(0x0000008adc200000,0x0000008adc300000) (1024K)]
  0x000001ff10b01a10 JavaThread "C2 CompilerThread1"         daemon [_thread_in_native, id=3824, stack(0x0000008adc300000,0x0000008adc400000) (1024K)]
  0x000001ff10bb2fd0 JavaThread "Notification Thread"        daemon [_thread_blocked, id=15752, stack(0x0000008adc400000,0x0000008adc500000) (1024K)]
Total: 12

Other Threads:
  0x000001fecddf47e0 VMThread "VM Thread"                           [id=5112, stack(0x0000008adb900000,0x0000008adba00000) (1024K)]
  0x000001feb9ab3d50 WatcherThread "VM Periodic Task Thread"        [id=6916, stack(0x0000008adb800000,0x0000008adb900000) (1024K)]
  0x000001feb9a64ba0 WorkerThread "GC Thread#0"                     [id=11072, stack(0x0000008adb700000,0x0000008adb800000) (1024K)]
Total: 3

Threads with active compile tasks:
C2 CompilerThread0  730  634       4       java.util.HashSet::iterator (13 bytes)
C1 CompilerThread0  730  703       3       java.lang.invoke.VarHandle::checkAccessModeThenIsDirect (29 bytes)
C2 CompilerThread1  730  637       4       lombok.patcher.PatchScript::classMatches (41 bytes)
Total: 3

VM state: not at safepoint (normal execution)

VM Mutex/Monitor currently owned by a thread: None

Heap address: 0x00000000c0000000, size: 1024 MB, Compressed Oops mode: 32-bit

CDS archive(s) mapped at: [0x000001fece000000-0x000001feceba0000-0x000001feceba0000), size 12189696, SharedBaseAddress: 0x000001fece000000, ArchiveRelocationMode: 1.
Compressed class space mapped at: 0x000001fecf000000-0x000001ff0f000000, reserved size: 1073741824
Narrow klass base: 0x000001fece000000, Narrow klass shift: 0, Narrow klass range: 0x100000000

GC Precious Log:
 CardTable entry size: 512
 CPUs: 8 total, 8 available
 Memory: 7998M
 Large Page Support: Disabled
 NUMA Support: Disabled
 Compressed Oops: Enabled (32-bit)
 Alignments: Space 512K, Generation 512K, Heap 2M
 Heap Min Capacity: 100M
 Heap Initial Capacity: 100M
 Heap Max Capacity: 1G
 Pre-touch: Disabled
 Parallel Workers: 8

Heap:
 PSYoungGen      total 29696K, used 14514K [0x00000000eab00000, 0x00000000ecc00000, 0x0000000100000000)
  eden space 25600K, 56% used [0x00000000eab00000,0x00000000eb92cb88,0x00000000ec400000)
  from space 4096K, 0% used [0x00000000ec800000,0x00000000ec800000,0x00000000ecc00000)
  to   space 4096K, 0% used [0x00000000ec400000,0x00000000ec400000,0x00000000ec800000)
 ParOldGen       total 68608K, used 0K [0x00000000c0000000, 0x00000000c4300000, 0x00000000eab00000)
  object space 68608K, 0% used [0x00000000c0000000,0x00000000c0000000,0x00000000c4300000)
 Metaspace       used 2784K, committed 3008K, reserved 1114112K
  class space    used 281K, committed 384K, reserved 1048576K

Card table byte_map: [0x000001feb93c0000,0x000001feb95d0000] _byte_map_base: 0x000001feb8dc0000

Marking Bits: (ParMarkBitMap*) 0x00007ff953e931f0
 Begin Bits: [0x000001fecbc10000, 0x000001feccc10000)
 End Bits:   [0x000001feccc10000, 0x000001fecdc10000)

Polling page: 0x000001feb7880000

Metaspace:

Usage:
  Non-class:      2.44 MB used.
      Class:    281.80 KB used.
       Both:      2.72 MB used.

Virtual space:
  Non-class space:       64.00 MB reserved,       2.56 MB (  4%) committed,  1 nodes.
      Class space:        1.00 GB reserved,     384.00 KB ( <1%) committed,  1 nodes.
             Both:        1.06 GB reserved,       2.94 MB ( <1%) committed. 

Chunk freelists:
   Non-Class:  11.65 MB
       Class:  15.67 MB
        Both:  27.32 MB

MaxMetaspaceSize: unlimited
CompressedClassSpaceSize: 1.00 GB
Initial GC threshold: 21.00 MB
Current GC threshold: 21.00 MB
CDS: on
 - commit_granule_bytes: 65536.
 - commit_granule_words: 8192.
 - virtual_space_node_default_size: 8388608.
 - enlarge_chunks_in_place: 1.
 - use_allocation_guard: 0.


Internal statistics:

num_allocs_failed_limit: 0.
num_arena_births: 82.
num_arena_deaths: 0.
num_vsnodes_births: 2.
num_vsnodes_deaths: 0.
num_space_committed: 47.
num_space_uncommitted: 0.
num_chunks_returned_to_freelist: 0.
num_chunks_taken_from_freelist: 104.
num_chunk_merges: 0.
num_chunk_splits: 72.
num_chunks_enlarged: 47.
num_inconsistent_stats: 0.

CodeHeap 'non-profiled nmethods': size=120000Kb used=235Kb max_used=235Kb free=119764Kb
 bounds [0x000001fec46e0000, 0x000001fec4950000, 0x000001fecbc10000]
CodeHeap 'profiled nmethods': size=120000Kb used=1044Kb max_used=1044Kb free=118955Kb
 bounds [0x000001febcc10000, 0x000001febce80000, 0x000001fec4140000]
CodeHeap 'non-nmethods': size=5760Kb used=1184Kb max_used=1191Kb free=4575Kb
 bounds [0x000001fec4140000, 0x000001fec43b0000, 0x000001fec46e0000]
 total_blobs=1131 nmethods=691 adapters=347
 compilation: enabled
              stopped_count=0, restarted_count=0
 full_count=0

Compilation events (20 events):
Event: 0.625 Thread 0x000001feb9ad84c0  631       3       sun.security.util.DerInputStream::getDerValue (76 bytes)
Event: 0.626 Thread 0x000001feb9ad84c0 nmethod 631 0x000001febccf5590 code [0x000001febccf5740, 0x000001febccf59a0]
Event: 0.626 Thread 0x000001ff10b01a10  633       4       java.util.Collections$UnmodifiableCollection$1::next (10 bytes)
Event: 0.628 Thread 0x000001feb9ad84c0  636       3       sun.invoke.util.VerifyAccess::isSamePackage (37 bytes)
Event: 0.629 Thread 0x000001feb9ad84c0 nmethod 636 0x000001febccf5a90 code [0x000001febccf5ca0, 0x000001febccf6210]
Event: 0.629 Thread 0x000001feb9ad3980 nmethod 616 0x000001fec4717f90 code [0x000001fec47181a0, 0x000001fec4718aa0]
Event: 0.630 Thread 0x000001feb9ad3980  634       4       java.util.HashSet::iterator (13 bytes)
Event: 0.635 Thread 0x000001ff10b01a10 nmethod 633 0x000001fec4719190 code [0x000001fec4719340, 0x000001fec4719628]
Event: 0.635 Thread 0x000001ff10b01a10  637       4       lombok.patcher.PatchScript::classMatches (41 bytes)
Event: 0.636 Thread 0x000001feb9ad84c0  638       3       java.math.BigInteger::destructiveMulAdd (150 bytes)
Event: 0.637 Thread 0x000001feb9ad84c0 nmethod 638 0x000001febccf6410 code [0x000001febccf65c0, 0x000001febccf68f0]
Event: 0.637 Thread 0x000001feb9ad84c0  640       3       java.lang.StringLatin1::toLowerCase (186 bytes)
Event: 0.638 Thread 0x000001feb9ad84c0 nmethod 640 0x000001febccf6a90 code [0x000001febccf6d20, 0x000001febccf77a8]
Event: 0.639 Thread 0x000001feb9ad84c0  644   !   3       sun.instrument.TransformerManager::transform (100 bytes)
Event: 0.640 Thread 0x000001feb9ad84c0 nmethod 644 0x000001febccf7c10 code [0x000001febccf7de0, 0x000001febccf8270]
Event: 0.640 Thread 0x000001feb9ad84c0  645       3       java.io.ByteArrayOutputStream::ensureCapacity (32 bytes)
Event: 0.640 Thread 0x000001feb9ad84c0 nmethod 645 0x000001febccf8510 code [0x000001febccf86e0, 0x000001febccf8a38]
Event: 0.640 Thread 0x000001feb9ad84c0  643       3       sun.instrument.InstrumentationImpl::transform (73 bytes)
Event: 0.641 Thread 0x000001feb9ad84c0 nmethod 643 0x000001febccf8b90 code [0x000001febccf8d60, 0x000001febccf90d8]
Event: 0.641 Thread 0x000001feb9ad84c0  646       3       java.math.BigInteger::<init> (404 bytes)

GC Heap History (0 events):
No events

Dll operation events (8 events):
Event: 0.019 Loaded shared library c:\Users\USER\.vscode\extensions\redhat.java-1.42.0-win32-x64\jre\21.0.7-win32-x86_64\bin\java.dll
Event: 0.119 Loaded shared library c:\Users\USER\.vscode\extensions\redhat.java-1.42.0-win32-x64\jre\21.0.7-win32-x86_64\bin\zip.dll
Event: 0.159 Loaded shared library C:\Users\USER\.vscode\extensions\redhat.java-1.42.0-win32-x64\jre\21.0.7-win32-x86_64\bin\instrument.dll
Event: 0.166 Loaded shared library C:\Users\USER\.vscode\extensions\redhat.java-1.42.0-win32-x64\jre\21.0.7-win32-x86_64\bin\net.dll
Event: 0.169 Loaded shared library C:\Users\USER\.vscode\extensions\redhat.java-1.42.0-win32-x64\jre\21.0.7-win32-x86_64\bin\nio.dll
Event: 0.174 Loaded shared library C:\Users\USER\.vscode\extensions\redhat.java-1.42.0-win32-x64\jre\21.0.7-win32-x86_64\bin\zip.dll
Event: 0.203 Loaded shared library C:\Users\USER\.vscode\extensions\redhat.java-1.42.0-win32-x64\jre\21.0.7-win32-x86_64\bin\jimage.dll
Event: 0.319 Loaded shared library c:\Users\USER\.vscode\extensions\redhat.java-1.42.0-win32-x64\jre\21.0.7-win32-x86_64\bin\verify.dll

Deoptimization events (20 events):
Event: 0.590 Thread 0x000001feb777e110 Uncommon trap: trap_request=0xffffffde fr.pc=0x000001fec47152dc relative=0x000000000000013c
Event: 0.590 Thread 0x000001feb777e110 Uncommon trap: reason=class_check action=maybe_recompile pc=0x000001fec47152dc method=jdk.internal.misc.Unsafe.allocateUninitializedArray(Ljava/lang/Class;I)Ljava/lang/Object; @ 51 c2
Event: 0.590 Thread 0x000001feb777e110 DEOPT PACKING pc=0x000001fec47152dc sp=0x0000008adb6fb020
Event: 0.590 Thread 0x000001feb777e110 DEOPT UNPACKING pc=0x000001fec4193aa2 sp=0x0000008adb6faf98 mode 2
Event: 0.590 Thread 0x000001feb777e110 Uncommon trap: trap_request=0xffffffde fr.pc=0x000001fec47152dc relative=0x000000000000013c
Event: 0.590 Thread 0x000001feb777e110 Uncommon trap: reason=class_check action=maybe_recompile pc=0x000001fec47152dc method=jdk.internal.misc.Unsafe.allocateUninitializedArray(Ljava/lang/Class;I)Ljava/lang/Object; @ 51 c2
Event: 0.590 Thread 0x000001feb777e110 DEOPT PACKING pc=0x000001fec47152dc sp=0x0000008adb6fb020
Event: 0.590 Thread 0x000001feb777e110 DEOPT UNPACKING pc=0x000001fec4193aa2 sp=0x0000008adb6faf98 mode 2
Event: 0.590 Thread 0x000001feb777e110 Uncommon trap: trap_request=0xffffffde fr.pc=0x000001fec47152dc relative=0x000000000000013c
Event: 0.590 Thread 0x000001feb777e110 Uncommon trap: reason=class_check action=maybe_recompile pc=0x000001fec47152dc method=jdk.internal.misc.Unsafe.allocateUninitializedArray(Ljava/lang/Class;I)Ljava/lang/Object; @ 51 c2
Event: 0.590 Thread 0x000001feb777e110 DEOPT PACKING pc=0x000001fec47152dc sp=0x0000008adb6fb060
Event: 0.590 Thread 0x000001feb777e110 DEOPT UNPACKING pc=0x000001fec4193aa2 sp=0x0000008adb6fafd8 mode 2
Event: 0.604 Thread 0x000001feb777e110 Uncommon trap: trap_request=0xffffff45 fr.pc=0x000001fec4711304 relative=0x0000000000000164
Event: 0.604 Thread 0x000001feb777e110 Uncommon trap: reason=unstable_if action=reinterpret pc=0x000001fec4711304 method=jdk.internal.util.ArraysSupport.vectorizedHashCode(Ljava/lang/Object;IIII)I @ 2 c2
Event: 0.605 Thread 0x000001feb777e110 DEOPT PACKING pc=0x000001fec4711304 sp=0x0000008adb6fcab0
Event: 0.605 Thread 0x000001feb777e110 DEOPT UNPACKING pc=0x000001fec4193aa2 sp=0x0000008adb6fca60 mode 2
Event: 0.620 Thread 0x000001feb777e110 Uncommon trap: trap_request=0xffffff45 fr.pc=0x000001fec4702784 relative=0x00000000000000e4
Event: 0.620 Thread 0x000001feb777e110 Uncommon trap: reason=unstable_if action=reinterpret pc=0x000001fec4702784 method=java.net.URI.match(CJJ)Z @ 45 c2
Event: 0.620 Thread 0x000001feb777e110 DEOPT PACKING pc=0x000001fec4702784 sp=0x0000008adb6fcd50
Event: 0.620 Thread 0x000001feb777e110 DEOPT UNPACKING pc=0x000001fec4193aa2 sp=0x0000008adb6fccb8 mode 2

Classes loaded (20 events):
Event: 0.630 Loading class sun/security/util/AbstractAlgorithmConstraints$1
Event: 0.630 Loading class sun/security/util/AbstractAlgorithmConstraints$1 done
Event: 0.632 Loading class sun/security/util/DisabledAlgorithmConstraints$Constraints
Event: 0.632 Loading class sun/security/util/DisabledAlgorithmConstraints$Constraints done
Event: 0.632 Loading class sun/security/util/CurveDB
Event: 0.633 Loading class sun/security/util/CurveDB done
Event: 0.633 Loading class java/security/spec/ECFieldFp
Event: 0.634 Loading class java/security/spec/ECField
Event: 0.634 Loading class java/security/spec/ECField done
Event: 0.634 Loading class java/security/spec/ECFieldFp done
Event: 0.634 Loading class java/security/spec/EllipticCurve
Event: 0.634 Loading class java/security/spec/EllipticCurve done
Event: 0.634 Loading class java/security/spec/ECPoint
Event: 0.634 Loading class java/security/spec/ECPoint done
Event: 0.634 Loading class sun/security/util/NamedCurve
Event: 0.634 Loading class java/security/spec/ECParameterSpec
Event: 0.635 Loading class java/security/spec/ECParameterSpec done
Event: 0.635 Loading class sun/security/util/NamedCurve done
Event: 0.639 Loading class java/security/spec/ECFieldF2m
Event: 0.639 Loading class java/security/spec/ECFieldF2m done

Classes unloaded (0 events):
No events

Classes redefined (0 events):
No events

Internal exceptions (12 events):
Event: 0.112 Thread 0x000001feb777e110 Exception <a 'java/lang/NoSuchMethodError'{0x00000000ead2a070}: 'void java.lang.invoke.DirectMethodHandle$Holder.invokeStatic(java.lang.Object, java.lang.Object, java.lang.Object)'> (0x00000000ead2a070) 
thrown [s\src\hotspot\share\interpreter\linkResolver.cpp, line 773]
Event: 0.191 Thread 0x000001feb777e110 Exception <a 'java/lang/NoSuchMethodError'{0x00000000eae92400}: 'java.lang.Object java.lang.invoke.Invokers$Holder.invokeExact_MT(java.lang.Object, java.lang.Object, java.lang.Object, java.lang.Object, java.lang.Object)'> (0x00000000eae92400) 
thrown [s\src\hotspot\share\interpreter\linkResolver.cpp, line 773]
Event: 0.252 Thread 0x000001feb777e110 Exception <a 'java/lang/NoSuchMethodError'{0x00000000eaf4bbb8}: 'int java.lang.invoke.DirectMethodHandle$Holder.invokeSpecial(java.lang.Object, java.lang.Object, java.lang.Object, int)'> (0x00000000eaf4bbb8) 
thrown [s\src\hotspot\share\interpreter\linkResolver.cpp, line 773]
Event: 0.256 Thread 0x000001feb777e110 Exception <a 'java/lang/NoSuchMethodError'{0x00000000eaf5e5a0}: 'java.lang.Object java.lang.invoke.DirectMethodHandle$Holder.invokeStatic(java.lang.Object, java.lang.Object, java.lang.Object, java.lang.Object, int)'> (0x00000000eaf5e5a0) 
thrown [s\src\hotspot\share\interpreter\linkResolver.cpp, line 773]
Event: 0.258 Thread 0x000001feb777e110 Exception <a 'java/lang/NoSuchMethodError'{0x00000000eaf699e0}: 'void java.lang.invoke.DelegatingMethodHandle$Holder.reinvoke_L(java.lang.Object, java.lang.Object, java.lang.Object, int, java.lang.Object)'> (0x00000000eaf699e0) 
thrown [s\src\hotspot\share\interpreter\linkResolver.cpp, line 773]
Event: 0.264 Thread 0x000001feb777e110 Exception <a 'java/lang/NoSuchMethodError'{0x00000000eaf7a4d8}: 'int java.lang.invoke.DirectMethodHandle$Holder.invokeSpecial(java.lang.Object, java.lang.Object, java.lang.Object)'> (0x00000000eaf7a4d8) 
thrown [s\src\hotspot\share\interpreter\linkResolver.cpp, line 773]
Event: 0.267 Thread 0x000001feb777e110 Exception <a 'java/lang/NoSuchMethodError'{0x00000000eaf86198}: 'java.lang.Object java.lang.invoke.DirectMethodHandle$Holder.invokeStatic(java.lang.Object, java.lang.Object, int)'> (0x00000000eaf86198) 
thrown [s\src\hotspot\share\interpreter\linkResolver.cpp, line 773]
Event: 0.269 Thread 0x000001feb777e110 Exception <a 'java/lang/NoSuchMethodError'{0x00000000eaf8aae8}: 'void java.lang.invoke.DirectMethodHandle$Holder.invokeStatic(java.lang.Object, java.lang.Object, int, java.lang.Object)'> (0x00000000eaf8aae8) 
thrown [s\src\hotspot\share\interpreter\linkResolver.cpp, line 773]
Event: 0.270 Thread 0x000001feb777e110 Exception <a 'java/lang/NoSuchMethodError'{0x00000000eaf8e678}: 'void java.lang.invoke.DirectMethodHandle$Holder.invokeSpecial(java.lang.Object, java.lang.Object, java.lang.Object, int, java.lang.Object)'> (0x00000000eaf8e678) 
thrown [s\src\hotspot\share\interpreter\linkResolver.cpp, line 773]
Event: 0.270 Thread 0x000001feb777e110 Exception <a 'java/lang/NoSuchMethodError'{0x00000000eaf91ae8}: 'void java.lang.invoke.DelegatingMethodHandle$Holder.delegate(java.lang.Object, java.lang.Object, int, java.lang.Object)'> (0x00000000eaf91ae8) 
thrown [s\src\hotspot\share\interpreter\linkResolver.cpp, line 773]
Event: 0.364 Thread 0x000001feb777e110 Exception <a 'java/lang/NoSuchMethodError'{0x00000000eb14de58}: 'void java.lang.invoke.DelegatingMethodHandle$Holder.reinvoke_L(java.lang.Object, java.lang.Object, java.lang.Object, int)'> (0x00000000eb14de58) 
thrown [s\src\hotspot\share\interpreter\linkResolver.cpp, line 773]
Event: 0.592 Thread 0x000001feb777e110 Exception <a 'java/lang/NoSuchMethodError'{0x00000000eb5d6170}: 'void java.lang.invoke.DirectMethodHandle$Holder.invokeVirtual(java.lang.Object, java.lang.Object)'> (0x00000000eb5d6170) 
thrown [s\src\hotspot\share\interpreter\linkResolver.cpp, line 773]

ZGC Phase Switch (0 events):
No events

VM Operations (4 events):
Event: 0.117 Executing VM operation: HandshakeAllThreads (Deoptimize)
Event: 0.117 Executing VM operation: HandshakeAllThreads (Deoptimize) done
Event: 0.223 Executing VM operation: HandshakeAllThreads (Deoptimize)
Event: 0.223 Executing VM operation: HandshakeAllThreads (Deoptimize) done

Memory protections (0 events):
No events

Nmethod flushes (0 events):
No events

Events (12 events):
Event: 0.038 Thread 0x000001feb777e110 Thread added: 0x000001feb777e110
Event: 0.061 Thread 0x000001feb777e110 Thread added: 0x000001fecde0e050
Event: 0.062 Thread 0x000001feb777e110 Thread added: 0x000001feb9ac1cf0
Event: 0.062 Thread 0x000001feb777e110 Thread added: 0x000001feb9ac5d90
Event: 0.062 Thread 0x000001feb777e110 Thread added: 0x000001feb9ac7e30
Event: 0.062 Thread 0x000001feb777e110 Thread added: 0x000001feb9acb260
Event: 0.062 Thread 0x000001feb777e110 Thread added: 0x000001feb9ad1740
Event: 0.063 Thread 0x000001feb777e110 Thread added: 0x000001feb9ad3980
Event: 0.063 Thread 0x000001feb777e110 Thread added: 0x000001feb9ad84c0
Event: 0.099 Thread 0x000001feb777e110 Thread added: 0x000001ff1093b0a0
Event: 0.311 Thread 0x000001feb9ad84c0 Thread added: 0x000001ff10b01a10
Event: 0.475 Thread 0x000001feb777e110 Thread added: 0x000001ff10bb2fd0


Dynamic libraries:
0x00007ff77d5e0000 - 0x00007ff77d5ee000 	c:\Users\USER\.vscode\extensions\redhat.java-1.42.0-win32-x64\jre\21.0.7-win32-x86_64\bin\java.exe
0x00007ff9eb1d0000 - 0x00007ff9eb3e7000 	C:\WINDOWS\SYSTEM32\ntdll.dll
0x00007ff9e9bd0000 - 0x00007ff9e9c94000 	C:\WINDOWS\System32\KERNEL32.DLL
0x00007ff9e87a0000 - 0x00007ff9e8b73000 	C:\WINDOWS\System32\KERNELBASE.dll
0x00007ff9e8cc0000 - 0x00007ff9e8dd1000 	C:\WINDOWS\System32\ucrtbase.dll
0x00007ff997010000 - 0x00007ff997028000 	c:\Users\USER\.vscode\extensions\redhat.java-1.42.0-win32-x64\jre\21.0.7-win32-x86_64\bin\jli.dll
0x00007ff97b1d0000 - 0x00007ff97b1ee000 	c:\Users\USER\.vscode\extensions\redhat.java-1.42.0-win32-x64\jre\21.0.7-win32-x86_64\bin\VCRUNTIME140.dll
0x00007ff9e98f0000 - 0x00007ff9e9aa1000 	C:\WINDOWS\System32\USER32.dll
0x00007ff9e86d0000 - 0x00007ff9e86f6000 	C:\WINDOWS\System32\win32u.dll
0x00007ff9ea720000 - 0x00007ff9ea749000 	C:\WINDOWS\System32\GDI32.dll
0x00007ff9cfc30000 - 0x00007ff9cfecb000 	C:\WINDOWS\WinSxS\amd64_microsoft.windows.common-controls_6595b64144ccf1df_6.0.22621.5262_none_2712bde373830908\COMCTL32.dll
0x00007ff9e9720000 - 0x00007ff9e97c7000 	C:\WINDOWS\System32\msvcrt.dll
0x00007ff9e85a0000 - 0x00007ff9e86c2000 	C:\WINDOWS\System32\gdi32full.dll
0x00007ff9e8700000 - 0x00007ff9e879a000 	C:\WINDOWS\System32\msvcp_win.dll
0x00007ff9e98b0000 - 0x00007ff9e98e1000 	C:\WINDOWS\System32\IMM32.DLL
0x00000000698e0000 - 0x00000000698ec000 	C:\Program Files (x86)\360\Total Security\safemon\SafeWrapper.dll
0x00007ff9eae20000 - 0x00007ff9eaed1000 	C:\WINDOWS\System32\ADVAPI32.dll
0x00007ff9e9800000 - 0x00007ff9e98a7000 	C:\WINDOWS\System32\sechost.dll
0x00007ff9e8430000 - 0x00007ff9e8458000 	C:\WINDOWS\System32\bcrypt.dll
0x00007ff9ea4a0000 - 0x00007ff9ea5b4000 	C:\WINDOWS\System32\RPCRT4.dll
0x00007ff9c8d90000 - 0x00007ff9c8e3c000 	C:\Program Files (x86)\360\Total Security\safemon\libzdtp64.dll
0x00007ff9e8e80000 - 0x00007ff9e971d000 	C:\WINDOWS\System32\SHELL32.dll
0x00007ff9e8b80000 - 0x00007ff9e8cbf000 	C:\WINDOWS\System32\wintypes.dll
0x00007ff9eaa80000 - 0x00007ff9eae13000 	C:\WINDOWS\System32\combase.dll
0x00007ff9ea900000 - 0x00007ff9ea966000 	C:\WINDOWS\System32\SHLWAPI.dll
0x00007ff9e7c50000 - 0x00007ff9e7c5a000 	C:\WINDOWS\SYSTEM32\VERSION.dll
0x00007ff9c59e0000 - 0x00007ff9c59ec000 	c:\Users\USER\.vscode\extensions\redhat.java-1.42.0-win32-x64\jre\21.0.7-win32-x86_64\bin\vcruntime140_1.dll
0x00007ff96df00000 - 0x00007ff96df8d000 	c:\Users\USER\.vscode\extensions\redhat.java-1.42.0-win32-x64\jre\21.0.7-win32-x86_64\bin\msvcp140.dll
0x00007ff9531e0000 - 0x00007ff953f70000 	c:\Users\USER\.vscode\extensions\redhat.java-1.42.0-win32-x64\jre\21.0.7-win32-x86_64\bin\server\jvm.dll
0x00007ff9ea420000 - 0x00007ff9ea491000 	C:\WINDOWS\System32\WS2_32.dll
0x00007ff9d1410000 - 0x00007ff9d1444000 	C:\WINDOWS\SYSTEM32\WINMM.dll
0x00007ff9e8190000 - 0x00007ff9e81dd000 	C:\WINDOWS\SYSTEM32\POWRPROF.dll
0x00007ff9e8170000 - 0x00007ff9e8183000 	C:\WINDOWS\SYSTEM32\UMPDC.dll
0x00007ff9e7290000 - 0x00007ff9e72a8000 	C:\WINDOWS\SYSTEM32\kernel.appcore.dll
0x00007ff9c4f80000 - 0x00007ff9c4f8a000 	c:\Users\USER\.vscode\extensions\redhat.java-1.42.0-win32-x64\jre\21.0.7-win32-x86_64\bin\jimage.dll
0x00007ff9e5210000 - 0x00007ff9e5442000 	C:\WINDOWS\SYSTEM32\DBGHELP.DLL
0x00007ff9eaf00000 - 0x00007ff9eafd7000 	C:\WINDOWS\System32\OLEAUT32.dll
0x00007ff9c60e0000 - 0x00007ff9c6112000 	C:\WINDOWS\SYSTEM32\dbgcore.DLL
0x00007ff9e8de0000 - 0x00007ff9e8e5b000 	C:\WINDOWS\System32\bcryptPrimitives.dll
0x00007ff9b3c70000 - 0x00007ff9b3c7f000 	c:\Users\USER\.vscode\extensions\redhat.java-1.42.0-win32-x64\jre\21.0.7-win32-x86_64\bin\instrument.dll
0x00007ff97b1b0000 - 0x00007ff97b1cf000 	c:\Users\USER\.vscode\extensions\redhat.java-1.42.0-win32-x64\jre\21.0.7-win32-x86_64\bin\java.dll
0x00007ff9e6190000 - 0x00007ff9e6aad000 	C:\WINDOWS\SYSTEM32\windows.storage.dll
0x00007ff9ea970000 - 0x00007ff9eaa7b000 	C:\WINDOWS\System32\SHCORE.dll
0x00007ff9e81f0000 - 0x00007ff9e821b000 	C:\WINDOWS\SYSTEM32\profapi.dll
0x00007ff97b190000 - 0x00007ff97b1a8000 	c:\Users\USER\.vscode\extensions\redhat.java-1.42.0-win32-x64\jre\21.0.7-win32-x86_64\bin\zip.dll
0x00007ff9b3a00000 - 0x00007ff9b3a10000 	C:\Users\USER\.vscode\extensions\redhat.java-1.42.0-win32-x64\jre\21.0.7-win32-x86_64\bin\net.dll
0x00007ff9e18a0000 - 0x00007ff9e19cc000 	C:\WINDOWS\SYSTEM32\WINHTTP.dll
0x00007ff9e7710000 - 0x00007ff9e777a000 	C:\WINDOWS\system32\mswsock.dll
0x00007ff97b170000 - 0x00007ff97b186000 	C:\Users\USER\.vscode\extensions\redhat.java-1.42.0-win32-x64\jre\21.0.7-win32-x86_64\bin\nio.dll
0x00007ff9b3910000 - 0x00007ff9b3920000 	c:\Users\USER\.vscode\extensions\redhat.java-1.42.0-win32-x64\jre\21.0.7-win32-x86_64\bin\verify.dll

dbghelp: loaded successfully - version: 4.0.5 - missing functions: none
symbol engine: initialized successfully - sym options: 0x614 - pdb path: .;c:\Users\USER\.vscode\extensions\redhat.java-1.42.0-win32-x64\jre\21.0.7-win32-x86_64\bin;C:\WINDOWS\SYSTEM32;C:\WINDOWS\WinSxS\amd64_microsoft.windows.common-controls_6595b64144ccf1df_6.0.22621.5262_none_2712bde373830908;C:\Program Files (x86)\360\Total Security\safemon;c:\Users\USER\.vscode\extensions\redhat.java-1.42.0-win32-x64\jre\21.0.7-win32-x86_64\bin\server

VM Arguments:
jvm_args: --add-modules=ALL-SYSTEM --add-opens=java.base/java.util=ALL-UNNAMED --add-opens=java.base/java.lang=ALL-UNNAMED --add-opens=java.base/sun.nio.fs=ALL-UNNAMED -Declipse.application=org.eclipse.jdt.ls.core.id1 -Dosgi.bundles.defaultStartLevel=4 -Declipse.product=org.eclipse.jdt.ls.core.product -Djava.import.generatesMetadataFilesAtProjectRoot=false -DDetectVMInstallationsJob.disabled=true -Dfile.encoding=utf8 -XX:+UseParallelGC -XX:GCTimeRatio=4 -XX:AdaptiveSizePolicyWeight=90 -Dsun.zip.disableMemoryMapping=true -Xmx1G -Xms100m -Xlog:disable -javaagent:c:\Users\USER\.vscode\extensions\redhat.java-1.42.0-win32-x64\lombok\lombok-1.18.36.jar 
java_command: c:\Users\USER\.vscode\extensions\redhat.java-1.42.0-win32-x64\server\plugins\org.eclipse.equinox.launcher_1.7.0.v20250424-1814.jar -configuration c:\Users\USER\AppData\Roaming\Code\User\globalStorage\redhat.java\1.42.0\config_ss_win -data c:\Users\USER\AppData\Roaming\Code\User\workspaceStorage\0ebb995f52467a76852492d79a1fc689\redhat.java\ss_ws --pipe=\\.\pipe\lsp-3d699762d13475ae2c9dc8b5c9f6f88b-sock
java_class_path (initial): c:\Users\USER\.vscode\extensions\redhat.java-1.42.0-win32-x64\server\plugins\org.eclipse.equinox.launcher_1.7.0.v20250424-1814.jar
Launcher Type: SUN_STANDARD

[Global flags]
    uintx AdaptiveSizePolicyWeight                 = 90                                        {product} {command line}
     intx CICompilerCount                          = 4                                         {product} {ergonomic}
    uintx GCTimeRatio                              = 4                                         {product} {command line}
   size_t InitialHeapSize                          = 104857600                                 {product} {command line}
   size_t MaxHeapSize                              = 1073741824                                {product} {command line}
   size_t MaxNewSize                               = 357564416                                 {product} {ergonomic}
   size_t MinHeapDeltaBytes                        = 524288                                    {product} {ergonomic}
   size_t MinHeapSize                              = 104857600                                 {product} {command line}
   size_t NewSize                                  = 34603008                                  {product} {ergonomic}
    uintx NonNMethodCodeHeapSize                   = 5839372                                {pd product} {ergonomic}
    uintx NonProfiledCodeHeapSize                  = 122909434                              {pd product} {ergonomic}
   size_t OldSize                                  = 70254592                                  {product} {ergonomic}
    uintx ProfiledCodeHeapSize                     = 122909434                              {pd product} {ergonomic}
    uintx ReservedCodeCacheSize                    = 251658240                              {pd product} {ergonomic}
     bool SegmentedCodeCache                       = true                                      {product} {ergonomic}
   size_t SoftMaxHeapSize                          = 1073741824                             {manageable} {ergonomic}
     bool UseCompressedOops                        = true                           {product lp64_product} {ergonomic}
     bool UseLargePagesIndividualAllocation        = false                                  {pd product} {ergonomic}
     bool UseParallelGC                            = true                                      {product} {command line}

Logging:
Log output configuration:
 #0: stdout all=off uptime,level,tags foldmultilines=false
 #1: stderr all=off uptime,level,tags foldmultilines=false

Environment Variables:
JAVA_HOME=C:\Program Files\Java\jdk-17
PATH=C:\Program Files (x86)\Common Files\Oracle\Java\javapath;C:\Program Files\Common Files\Oracle\Java\javapath;C:\WINDOWS\system32;C:\WINDOWS;C:\WINDOWS\System32\Wbem;C:\WINDOWS\System32\WindowsPowerShell\v1.0\;C:\WINDOWS\System32\OpenSSH\;C:\Program Files\dotnet\;C:\Program Files\Java\jdk-17\bin;C:\Program Files\nodejs\;C:\Program Files\Git\cmd;C:\Users\USER\AppData\Local\Programs\Python\Python313\Scripts\;C:\Users\USER\AppData\Local\Programs\Python\Python313\;C:\Users\USER\AppData\Local\Microsoft\WindowsApps;C:\Users\USER\AppData\Local\Programs\Microsoft VS Code\bin;C:\Program Files\apache-maven-3.9.6-bin\apache-maven-3.9.6\bin;C:\Users\USER\AppData\Roaming\npm;C:\Users\USER\AppData\Local\Programs\cursor\resources\app\bin
USERNAME=USER
OS=Windows_NT
PROCESSOR_IDENTIFIER=Intel64 Family 6 Model 142 Stepping 12, GenuineIntel
TMP=C:\Users\USER\AppData\Local\Temp
TEMP=C:\Users\USER\AppData\Local\Temp




Periodic native trim disabled

---------------  S Y S T E M  ---------------

OS:
 Windows 11 , 64 bit Build 22621 (10.0.22621.5262)
OS uptime: 0 days 1:51 hours
Hyper-V role detected

CPU: total 8 (initial active 8) (4 cores per cpu, 2 threads per core) family 6 model 142 stepping 12 microcode 0xfa, cx8, cmov, fxsr, ht, mmx, 3dnowpref, sse, sse2, sse3, ssse3, sse4.1, sse4.2, popcnt, lzcnt, tsc, tscinvbit, avx, avx2, aes, erms, clmul, bmi1, bmi2, adx, fma, vzeroupper, clflush, clflushopt, hv, rdtscp, f16c
Processor Information for the first 8 processors :
  Max Mhz: 1896, Current Mhz: 1596, Mhz Limit: 1592

Memory: 4k page, system-wide physical 7998M (446M free)
TotalPageFile size 11198M (AvailPageFile size 13M)
current process WorkingSet (physical memory assigned to process): 59M, peak: 59M
current process commit charge ("private bytes"): 196M, peak: 196M

vm_info: OpenJDK 64-Bit Server VM (21.0.7+6-LTS) for windows-amd64 JRE (21.0.7+6-LTS), built on 2025-04-15T00:00:00Z by "admin" with MS VC++ 17.7 (VS2022)

END.
